Using pre-set license
Built from '2021.3/staging' branch; Version is '2021.3.33f1 (ee5a2aa03ab2) revision 15620650'; Using compiler version '192829333'; Build Type 'Release'
OS: 'Windows 10  (10.0.19045) 64bit Enterprise' Language: 'ko' Physical Memory: 32505 MB
BatchMode: 1, IsHumanControllingUs: 0, StartBugReporterOnCrash: 0, Is64bit: 1, IsPro: 1

COMMAND LINE ARGUMENTS:
C:\Program Files\Unity\Hub\Editor\2021.3.33f1\Editor\Unity.exe
-adb2
-batchMode
-noUpm
-name
AssetImportWorker1
-projectPath
C:/Users/SSAFY/Documents/Unity Projects/Mind Listen and Tell
-logFile
Logs/AssetImportWorker1.log
-srvPort
53853
Successfully changed project path to: C:/Users/SSAFY/Documents/Unity Projects/Mind Listen and Tell
C:/Users/SSAFY/Documents/Unity Projects/Mind Listen and Tell
[UnityMemory] Configuration Parameters - Can be set up in boot.config
    "memorysetup-bucket-allocator-granularity=16"
    "memorysetup-bucket-allocator-bucket-count=8"
    "memorysetup-bucket-allocator-block-size=33554432"
    "memorysetup-bucket-allocator-block-count=8"
    "memorysetup-main-allocator-block-size=16777216"
    "memorysetup-thread-allocator-block-size=16777216"
    "memorysetup-gfx-main-allocator-block-size=16777216"
    "memorysetup-gfx-thread-allocator-block-size=16777216"
    "memorysetup-cache-allocator-block-size=4194304"
    "memorysetup-typetree-allocator-block-size=2097152"
    "memorysetup-profiler-bucket-allocator-granularity=16"
    "memorysetup-profiler-bucket-allocator-bucket-count=8"
    "memorysetup-profiler-bucket-allocator-block-size=33554432"
    "memorysetup-profiler-bucket-allocator-block-count=8"
    "memorysetup-profiler-allocator-block-size=16777216"
    "memorysetup-profiler-editor-allocator-block-size=1048576"
    "memorysetup-temp-allocator-size-main=16777216"
    "memorysetup-job-temp-allocator-block-size=2097152"
    "memorysetup-job-temp-allocator-block-size-background=1048576"
    "memorysetup-job-temp-allocator-reduction-small-platforms=262144"
    "memorysetup-temp-allocator-size-background-worker=32768"
    "memorysetup-temp-allocator-size-job-worker=262144"
    "memorysetup-temp-allocator-size-preload-manager=33554432"
    "memorysetup-temp-allocator-size-nav-mesh-worker=65536"
    "memorysetup-temp-allocator-size-audio-worker=65536"
    "memorysetup-temp-allocator-size-cloud-worker=32768"
    "memorysetup-temp-allocator-size-gi-baking-worker=262144"
    "memorysetup-temp-allocator-size-gfx=262144"
Player connection [6996] Host "[IP] 192.168.100.47 [Port] 0 [Flags] 2 [Guid] 1762351438 [EditorId] 1762351438 [Version] 1048832 [Id] WindowsEditor(7,DESKTOP-LL832F4) [Debug] 1 [PackageName] WindowsEditor [ProjectName] Editor" joined multi-casting on [225.0.0.222:54997]...

Player connection [6996] Host "[IP] 192.168.100.47 [Port] 0 [Flags] 2 [Guid] 1762351438 [EditorId] 1762351438 [Version] 1048832 [Id] WindowsEditor(7,DESKTOP-LL832F4) [Debug] 1 [PackageName] WindowsEditor [ProjectName] Editor" joined alternative multi-casting on [225.0.0.222:34997]...

[Physics::Module] Initialized MultithreadedJobDispatcher with {0} workers.
Refreshing native plugins compatible for Editor in 84.64 ms, found 4 plugins.
Preloading 0 native plugins for Editor in 0.00 ms.
Initialize engine version: 2021.3.33f1 (ee5a2aa03ab2)
[Subsystems] Discovering subsystems at path C:/Program Files/Unity/Hub/Editor/2021.3.33f1/Editor/Data/Resources/UnitySubsystems
[Subsystems] Discovering subsystems at path C:/Users/SSAFY/Documents/Unity Projects/Mind Listen and Tell/Assets
GfxDevice: creating device client; threaded=0; jobified=0
Direct3D:
    Version:  Direct3D 11.0 [level 11.1]
    Renderer: NVIDIA GeForce RTX 3050 Ti Laptop GPU (ID=0x25a0)
    Vendor:   NVIDIA
    VRAM:     3977 MB
    Driver:   31.0.15.4633
Initialize mono
Mono path[0] = 'C:/Program Files/Unity/Hub/Editor/2021.3.33f1/Editor/Data/Managed'
Mono path[1] = 'C:/Program Files/Unity/Hub/Editor/2021.3.33f1/Editor/Data/MonoBleedingEdge/lib/mono/unityjit-win32'
Mono config path = 'C:/Program Files/Unity/Hub/Editor/2021.3.33f1/Editor/Data/MonoBleedingEdge/etc'
Using monoOptions --debugger-agent=transport=dt_socket,embedding=1,server=y,suspend=n,address=127.0.0.1:56056
Begin MonoManager ReloadAssembly
Registering precompiled unity dll's ...
Register platform support module: C:/Program Files/Unity/Hub/Editor/2021.3.33f1/Editor/Data/PlaybackEngines/WebGLSupport/UnityEditor.WebGL.Extensions.dll
Register platform support module: C:/Program Files/Unity/Hub/Editor/2021.3.33f1/Editor/Data/PlaybackEngines/AndroidPlayer/UnityEditor.Android.Extensions.dll
Register platform support module: C:/Program Files/Unity/Hub/Editor/2021.3.33f1/Editor/Data/PlaybackEngines/iOSSupport/UnityEditor.iOS.Extensions.dll
Register platform support module: C:/Program Files/Unity/Hub/Editor/2021.3.33f1/Editor/Data/PlaybackEngines/WindowsStandaloneSupport/UnityEditor.WindowsStandalone.Extensions.dll
Registered in 0.005269 seconds.
Native extension for WindowsStandalone target not found
[usbmuxd] Start listen thread
[usbmuxd] Listen thread started
Native extension for iOS target not found
Native extension for Android target not found
Android Extension - Scanning For ADB Devices 1339 ms
Native extension for WebGL target not found
Refreshing native plugins compatible for Editor in 76.41 ms, found 4 plugins.
Preloading 0 native plugins for Editor in 0.00 ms.
Mono: successfully reloaded assembly
- Completed reload, in  1.891 seconds
Domain Reload Profiling:
	ReloadAssembly (1891ms)
		BeginReloadAssembly (84ms)
			ExecutionOrderSort (0ms)
			DisableScriptedObjects (0ms)
			BackupInstance (0ms)
			ReleaseScriptingObjects (0ms)
			CreateAndSetChildDomain (1ms)
		EndReloadAssembly (1735ms)
			LoadAssemblies (84ms)
			RebuildTransferFunctionScriptingTraits (0ms)
			SetupTypeCache (84ms)
			ReleaseScriptCaches (0ms)
			RebuildScriptCaches (21ms)
			SetupLoadedEditorAssemblies (1599ms)
				LogAssemblyErrors (0ms)
				InitializePlatformSupportModulesInManaged (1416ms)
				SetLoadedEditorAssemblies (0ms)
				RefreshPlugins (77ms)
				BeforeProcessingInitializeOnLoad (1ms)
				ProcessInitializeOnLoadAttributes (73ms)
				ProcessInitializeOnLoadMethodAttributes (31ms)
				AfterProcessingInitializeOnLoad (0ms)
				EditorAssembliesLoaded (0ms)
			ExecutionOrderSort2 (0ms)
			AwakeInstancesAfterBackupRestoration (0ms)
Platform modules already initialized, skipping
Registering precompiled user dll's ...
Registered in 0.005725 seconds.
Begin MonoManager ReloadAssembly
Native extension for WindowsStandalone target not found
Native extension for iOS target not found
Native extension for Android target not found
Native extension for WebGL target not found
Refreshing native plugins compatible for Editor in 93.98 ms, found 4 plugins.
Preloading 0 native plugins for Editor in 0.00 ms.
Package Manager log level set to [2]
[Package Manager] Server::EnsureServerProcessIsRunning -- launch failed, reason: Unity was launched with the -noUpm command-line argument
[Package Manager] Cannot connect to Unity Package Manager local server
Mono: successfully reloaded assembly
- Completed reload, in  1.275 seconds
Domain Reload Profiling:
	ReloadAssembly (1275ms)
		BeginReloadAssembly (100ms)
			ExecutionOrderSort (0ms)
			DisableScriptedObjects (5ms)
			BackupInstance (0ms)
			ReleaseScriptingObjects (0ms)
			CreateAndSetChildDomain (15ms)
		EndReloadAssembly (1097ms)
			LoadAssemblies (91ms)
			RebuildTransferFunctionScriptingTraits (0ms)
			SetupTypeCache (183ms)
			ReleaseScriptCaches (1ms)
			RebuildScriptCaches (45ms)
			SetupLoadedEditorAssemblies (767ms)
				LogAssemblyErrors (0ms)
				InitializePlatformSupportModulesInManaged (28ms)
				SetLoadedEditorAssemblies (0ms)
				RefreshPlugins (94ms)
				BeforeProcessingInitializeOnLoad (74ms)
				ProcessInitializeOnLoadAttributes (541ms)
				ProcessInitializeOnLoadMethodAttributes (26ms)
				AfterProcessingInitializeOnLoad (3ms)
				EditorAssembliesLoaded (0ms)
			ExecutionOrderSort2 (0ms)
			AwakeInstancesAfterBackupRestoration (4ms)
Platform modules already initialized, skipping
========================================================================
Worker process is ready to serve import requests
Launched and connected shader compiler UnityShaderCompiler.exe after 0.03 seconds
Refreshing native plugins compatible for Editor in 0.68 ms, found 4 plugins.
Preloading 0 native plugins for Editor in 0.00 ms.
Unloading 4126 Unused Serialized files (Serialized files now loaded: 0)
Unloading 42 unused Assets / (46.5 KB). Loaded Objects now: 4583.
Memory consumption went from 167.1 MB to 167.1 MB.
Total: 2.937100 ms (FindLiveObjects: 0.225800 ms CreateObjectMapping: 0.149200 ms MarkObjects: 2.496600 ms  DeleteObjects: 0.064300 ms)

AssetImportParameters requested are different than current active one (requested -> active):
  custom:video-decoder-ogg-theora: a1e56fd34408186e4bbccfd4996cb3dc -> 
  custom:container-muxer-webm: aa71ff27fc2769a1b78a27578f13a17b -> 
  custom:container-demuxer-webm: 4f35f7cbe854078d1ac9338744f61a02 -> 
  custom:video-encoder-webm-vp8: eb34c28f22e8b96e1ab97ce403110664 -> 
  custom:CustomObjectIndexerAttribute: bc11b3a6c3213fcdd17b65e7da85e133 -> 
  custom:audio-encoder-webm-vorbis: bf7c407c2cedff20999df2af8eb42d56 -> 
  custom:framework-win-MediaFoundation: 216162199b28c13a410421893ffa2e32 -> 
  custom:SearchIndexIgnoredProperties: e643bd26f0fe6173181afceb89e7c659 -> 
  custom:container-demuxer-ogg: 62fdf1f143b41e24485cea50d1cbac27 -> 
  custom:video-decoder-webm-vp8: 9c59270c3fd7afecdb556c50c9e8de78 -> 
  custom:audio-decoder-ogg-vorbis: bf7c407c2cedff20999df2af8eb42d56 -> 
========================================================================
Received Prepare
Registering precompiled user dll's ...
Registered in 0.005811 seconds.
Begin MonoManager ReloadAssembly
Native extension for WindowsStandalone target not found
Native extension for iOS target not found
Native extension for Android target not found
Native extension for WebGL target not found
Refreshing native plugins compatible for Editor in 0.71 ms, found 5 plugins.
Preloading 1 native plugins for Editor in 84.11 ms.
[Package Manager] Server::EnsureServerProcessIsRunning -- launch failed, reason: Unity was launched with the -noUpm command-line argument
[Package Manager] Cannot connect to Unity Package Manager local server
Mono: successfully reloaded assembly
- Completed reload, in  1.316 seconds
Domain Reload Profiling:
	ReloadAssembly (1316ms)
		BeginReloadAssembly (138ms)
			ExecutionOrderSort (0ms)
			DisableScriptedObjects (8ms)
			BackupInstance (0ms)
			ReleaseScriptingObjects (0ms)
			CreateAndSetChildDomain (31ms)
		EndReloadAssembly (1094ms)
			LoadAssemblies (112ms)
			RebuildTransferFunctionScriptingTraits (0ms)
			SetupTypeCache (222ms)
			ReleaseScriptCaches (2ms)
			RebuildScriptCaches (39ms)
			SetupLoadedEditorAssemblies (702ms)
				LogAssemblyErrors (0ms)
				InitializePlatformSupportModulesInManaged (25ms)
				SetLoadedEditorAssemblies (0ms)
				RefreshPlugins (85ms)
				BeforeProcessingInitializeOnLoad (60ms)
				ProcessInitializeOnLoadAttributes (504ms)
				ProcessInitializeOnLoadMethodAttributes (24ms)
				AfterProcessingInitializeOnLoad (4ms)
				EditorAssembliesLoaded (0ms)
			ExecutionOrderSort2 (0ms)
			AwakeInstancesAfterBackupRestoration (5ms)
Platform modules already initialized, skipping
Refreshing native plugins compatible for Editor in 0.83 ms, found 5 plugins.
Preloading 1 native plugins for Editor in 0.06 ms.
Unloading 4167 Unused Serialized files (Serialized files now loaded: 0)
Unloading 36 unused Assets / (23.0 KB). Loaded Objects now: 4651.
Memory consumption went from 166.1 MB to 166.1 MB.
Total: 2.789800 ms (FindLiveObjects: 0.294600 ms CreateObjectMapping: 0.120300 ms MarkObjects: 2.351500 ms  DeleteObjects: 0.022500 ms)

AssetImportParameters requested are different than current active one (requested -> active):
  custom:video-decoder-ogg-theora: a1e56fd34408186e4bbccfd4996cb3dc -> 
  custom:container-muxer-webm: aa71ff27fc2769a1b78a27578f13a17b -> 
  custom:container-demuxer-webm: 4f35f7cbe854078d1ac9338744f61a02 -> 
  custom:video-encoder-webm-vp8: eb34c28f22e8b96e1ab97ce403110664 -> 
  custom:CustomObjectIndexerAttribute: bc11b3a6c3213fcdd17b65e7da85e133 -> 
  custom:audio-encoder-webm-vorbis: bf7c407c2cedff20999df2af8eb42d56 -> 
  custom:framework-win-MediaFoundation: 216162199b28c13a410421893ffa2e32 -> 
  custom:SearchIndexIgnoredProperties: e643bd26f0fe6173181afceb89e7c659 -> 
  custom:container-demuxer-ogg: 62fdf1f143b41e24485cea50d1cbac27 -> 
  custom:video-decoder-webm-vp8: 9c59270c3fd7afecdb556c50c9e8de78 -> 
  custom:audio-decoder-ogg-vorbis: bf7c407c2cedff20999df2af8eb42d56 -> 
========================================================================
Received Prepare
Registering precompiled user dll's ...
Registered in 0.005908 seconds.
Begin MonoManager ReloadAssembly
Native extension for WindowsStandalone target not found
Native extension for iOS target not found
Native extension for Android target not found
Native extension for WebGL target not found
Refreshing native plugins compatible for Editor in 0.67 ms, found 4 plugins.
Preloading 0 native plugins for Editor in 0.00 ms.
[Package Manager] Server::EnsureServerProcessIsRunning -- launch failed, reason: Unity was launched with the -noUpm command-line argument
[Package Manager] Cannot connect to Unity Package Manager local server
Mono: successfully reloaded assembly
- Completed reload, in  1.182 seconds
Domain Reload Profiling:
	ReloadAssembly (1182ms)
		BeginReloadAssembly (142ms)
			ExecutionOrderSort (0ms)
			DisableScriptedObjects (4ms)
			BackupInstance (0ms)
			ReleaseScriptingObjects (0ms)
			CreateAndSetChildDomain (39ms)
		EndReloadAssembly (958ms)
			LoadAssemblies (104ms)
			RebuildTransferFunctionScriptingTraits (0ms)
			SetupTypeCache (202ms)
			ReleaseScriptCaches (1ms)
			RebuildScriptCaches (37ms)
			SetupLoadedEditorAssemblies (610ms)
				LogAssemblyErrors (0ms)
				InitializePlatformSupportModulesInManaged (23ms)
				SetLoadedEditorAssemblies (0ms)
				RefreshPlugins (1ms)
				BeforeProcessingInitializeOnLoad (56ms)
				ProcessInitializeOnLoadAttributes (496ms)
				ProcessInitializeOnLoadMethodAttributes (29ms)
				AfterProcessingInitializeOnLoad (4ms)
				EditorAssembliesLoaded (0ms)
			ExecutionOrderSort2 (0ms)
			AwakeInstancesAfterBackupRestoration (6ms)
Platform modules already initialized, skipping
Refreshing native plugins compatible for Editor in 0.77 ms, found 4 plugins.
Preloading 0 native plugins for Editor in 0.00 ms.
Unloading 4097 Unused Serialized files (Serialized files now loaded: 0)
Unloading 77 unused Assets / (21.9 KB). Loaded Objects now: 4608.
Memory consumption went from 164.6 MB to 164.6 MB.
Total: 2.377100 ms (FindLiveObjects: 0.259500 ms CreateObjectMapping: 0.113600 ms MarkObjects: 1.973200 ms  DeleteObjects: 0.029800 ms)

AssetImportParameters requested are different than current active one (requested -> active):
  custom:video-decoder-ogg-theora: a1e56fd34408186e4bbccfd4996cb3dc -> 
  custom:container-muxer-webm: aa71ff27fc2769a1b78a27578f13a17b -> 
  custom:container-demuxer-webm: 4f35f7cbe854078d1ac9338744f61a02 -> 
  custom:video-encoder-webm-vp8: eb34c28f22e8b96e1ab97ce403110664 -> 
  custom:CustomObjectIndexerAttribute: bc11b3a6c3213fcdd17b65e7da85e133 -> 
  custom:audio-encoder-webm-vorbis: bf7c407c2cedff20999df2af8eb42d56 -> 
  custom:framework-win-MediaFoundation: 216162199b28c13a410421893ffa2e32 -> 
  custom:SearchIndexIgnoredProperties: e643bd26f0fe6173181afceb89e7c659 -> 
  custom:container-demuxer-ogg: 62fdf1f143b41e24485cea50d1cbac27 -> 
  custom:video-decoder-webm-vp8: 9c59270c3fd7afecdb556c50c9e8de78 -> 
  custom:audio-decoder-ogg-vorbis: bf7c407c2cedff20999df2af8eb42d56 -> 
========================================================================
Received Prepare
Registering precompiled user dll's ...
Registered in 0.006011 seconds.
Begin MonoManager ReloadAssembly
Native extension for WindowsStandalone target not found
Native extension for iOS target not found
Native extension for Android target not found
Native extension for WebGL target not found
Refreshing native plugins compatible for Editor in 0.74 ms, found 5 plugins.
Preloading 1 native plugins for Editor in 0.06 ms.
[Package Manager] Server::EnsureServerProcessIsRunning -- launch failed, reason: Unity was launched with the -noUpm command-line argument
[Package Manager] Cannot connect to Unity Package Manager local server
Mono: successfully reloaded assembly
- Completed reload, in  1.186 seconds
Domain Reload Profiling:
	ReloadAssembly (1187ms)
		BeginReloadAssembly (142ms)
			ExecutionOrderSort (0ms)
			DisableScriptedObjects (5ms)
			BackupInstance (0ms)
			ReleaseScriptingObjects (0ms)
			CreateAndSetChildDomain (36ms)
		EndReloadAssembly (970ms)
			LoadAssemblies (106ms)
			RebuildTransferFunctionScriptingTraits (0ms)
			SetupTypeCache (206ms)
			ReleaseScriptCaches (2ms)
			RebuildScriptCaches (34ms)
			SetupLoadedEditorAssemblies (623ms)
				LogAssemblyErrors (0ms)
				InitializePlatformSupportModulesInManaged (23ms)
				SetLoadedEditorAssemblies (0ms)
				RefreshPlugins (1ms)
				BeforeProcessingInitializeOnLoad (61ms)
				ProcessInitializeOnLoadAttributes (504ms)
				ProcessInitializeOnLoadMethodAttributes (28ms)
				AfterProcessingInitializeOnLoad (5ms)
				EditorAssembliesLoaded (0ms)
			ExecutionOrderSort2 (0ms)
			AwakeInstancesAfterBackupRestoration (7ms)
Platform modules already initialized, skipping
Refreshing native plugins compatible for Editor in 0.74 ms, found 5 plugins.
Preloading 1 native plugins for Editor in 0.05 ms.
Unloading 4163 Unused Serialized files (Serialized files now loaded: 0)
Unloading 36 unused Assets / (22.0 KB). Loaded Objects now: 4655.
Memory consumption went from 166.0 MB to 166.0 MB.
Total: 2.584900 ms (FindLiveObjects: 0.238200 ms CreateObjectMapping: 0.089500 ms MarkObjects: 2.236500 ms  DeleteObjects: 0.018900 ms)

AssetImportParameters requested are different than current active one (requested -> active):
  custom:video-decoder-ogg-theora: a1e56fd34408186e4bbccfd4996cb3dc -> 
  custom:container-muxer-webm: aa71ff27fc2769a1b78a27578f13a17b -> 
  custom:container-demuxer-webm: 4f35f7cbe854078d1ac9338744f61a02 -> 
  custom:video-encoder-webm-vp8: eb34c28f22e8b96e1ab97ce403110664 -> 
  custom:CustomObjectIndexerAttribute: bc11b3a6c3213fcdd17b65e7da85e133 -> 
  custom:audio-encoder-webm-vorbis: bf7c407c2cedff20999df2af8eb42d56 -> 
  custom:framework-win-MediaFoundation: 216162199b28c13a410421893ffa2e32 -> 
  custom:SearchIndexIgnoredProperties: e643bd26f0fe6173181afceb89e7c659 -> 
  custom:container-demuxer-ogg: 62fdf1f143b41e24485cea50d1cbac27 -> 
  custom:video-decoder-webm-vp8: 9c59270c3fd7afecdb556c50c9e8de78 -> 
  custom:audio-decoder-ogg-vorbis: bf7c407c2cedff20999df2af8eb42d56 -> 
========================================================================
Received Prepare
Registering precompiled user dll's ...
Registered in 0.005927 seconds.
Begin MonoManager ReloadAssembly
Native extension for WindowsStandalone target not found
Native extension for iOS target not found
Native extension for Android target not found
Native extension for WebGL target not found
Refreshing native plugins compatible for Editor in 1.26 ms, found 4 plugins.
Preloading 0 native plugins for Editor in 0.00 ms.
[Package Manager] Server::EnsureServerProcessIsRunning -- launch failed, reason: Unity was launched with the -noUpm command-line argument
[Package Manager] Cannot connect to Unity Package Manager local server
Mono: successfully reloaded assembly
- Completed reload, in  1.142 seconds
Domain Reload Profiling:
	ReloadAssembly (1142ms)
		BeginReloadAssembly (123ms)
			ExecutionOrderSort (0ms)
			DisableScriptedObjects (4ms)
			BackupInstance (0ms)
			ReleaseScriptingObjects (0ms)
			CreateAndSetChildDomain (29ms)
		EndReloadAssembly (935ms)
			LoadAssemblies (98ms)
			RebuildTransferFunctionScriptingTraits (0ms)
			SetupTypeCache (186ms)
			ReleaseScriptCaches (1ms)
			RebuildScriptCaches (33ms)
			SetupLoadedEditorAssemblies (606ms)
				LogAssemblyErrors (0ms)
				InitializePlatformSupportModulesInManaged (25ms)
				SetLoadedEditorAssemblies (0ms)
				RefreshPlugins (1ms)
				BeforeProcessingInitializeOnLoad (53ms)
				ProcessInitializeOnLoadAttributes (497ms)
				ProcessInitializeOnLoadMethodAttributes (24ms)
				AfterProcessingInitializeOnLoad (4ms)
				EditorAssembliesLoaded (0ms)
			ExecutionOrderSort2 (0ms)
			AwakeInstancesAfterBackupRestoration (6ms)
Platform modules already initialized, skipping
Refreshing native plugins compatible for Editor in 0.71 ms, found 4 plugins.
Preloading 0 native plugins for Editor in 0.00 ms.
Unloading 4097 Unused Serialized files (Serialized files now loaded: 0)
Unloading 72 unused Assets / (23.0 KB). Loaded Objects now: 4617.
Memory consumption went from 164.6 MB to 164.6 MB.
Total: 2.659400 ms (FindLiveObjects: 0.243800 ms CreateObjectMapping: 0.112500 ms MarkObjects: 2.264600 ms  DeleteObjects: 0.036700 ms)

AssetImportParameters requested are different than current active one (requested -> active):
  custom:video-decoder-ogg-theora: a1e56fd34408186e4bbccfd4996cb3dc -> 
  custom:container-muxer-webm: aa71ff27fc2769a1b78a27578f13a17b -> 
  custom:container-demuxer-webm: 4f35f7cbe854078d1ac9338744f61a02 -> 
  custom:video-encoder-webm-vp8: eb34c28f22e8b96e1ab97ce403110664 -> 
  custom:CustomObjectIndexerAttribute: bc11b3a6c3213fcdd17b65e7da85e133 -> 
  custom:audio-encoder-webm-vorbis: bf7c407c2cedff20999df2af8eb42d56 -> 
  custom:framework-win-MediaFoundation: 216162199b28c13a410421893ffa2e32 -> 
  custom:SearchIndexIgnoredProperties: e643bd26f0fe6173181afceb89e7c659 -> 
  custom:container-demuxer-ogg: 62fdf1f143b41e24485cea50d1cbac27 -> 
  custom:video-decoder-webm-vp8: 9c59270c3fd7afecdb556c50c9e8de78 -> 
  custom:audio-decoder-ogg-vorbis: bf7c407c2cedff20999df2af8eb42d56 -> 
========================================================================
Received Prepare
Registering precompiled user dll's ...
Registered in 0.006144 seconds.
Begin MonoManager ReloadAssembly
Native extension for WindowsStandalone target not found
Native extension for iOS target not found
Native extension for Android target not found
Native extension for WebGL target not found
Refreshing native plugins compatible for Editor in 0.81 ms, found 5 plugins.
Preloading 1 native plugins for Editor in 0.06 ms.
[Package Manager] Server::EnsureServerProcessIsRunning -- launch failed, reason: Unity was launched with the -noUpm command-line argument
[Package Manager] Cannot connect to Unity Package Manager local server
Mono: successfully reloaded assembly
- Completed reload, in  1.181 seconds
Domain Reload Profiling:
	ReloadAssembly (1182ms)
		BeginReloadAssembly (123ms)
			ExecutionOrderSort (0ms)
			DisableScriptedObjects (4ms)
			BackupInstance (0ms)
			ReleaseScriptingObjects (0ms)
			CreateAndSetChildDomain (31ms)
		EndReloadAssembly (986ms)
			LoadAssemblies (102ms)
			RebuildTransferFunctionScriptingTraits (0ms)
			SetupTypeCache (200ms)
			ReleaseScriptCaches (1ms)
			RebuildScriptCaches (41ms)
			SetupLoadedEditorAssemblies (623ms)
				LogAssemblyErrors (0ms)
				InitializePlatformSupportModulesInManaged (25ms)
				SetLoadedEditorAssemblies (0ms)
				RefreshPlugins (1ms)
				BeforeProcessingInitializeOnLoad (65ms)
				ProcessInitializeOnLoadAttributes (502ms)
				ProcessInitializeOnLoadMethodAttributes (25ms)
				AfterProcessingInitializeOnLoad (3ms)
				EditorAssembliesLoaded (0ms)
			ExecutionOrderSort2 (0ms)
			AwakeInstancesAfterBackupRestoration (5ms)
Platform modules already initialized, skipping
Refreshing native plugins compatible for Editor in 0.82 ms, found 5 plugins.
Preloading 1 native plugins for Editor in 0.06 ms.
Unloading 4167 Unused Serialized files (Serialized files now loaded: 0)
Unloading 36 unused Assets / (21.9 KB). Loaded Objects now: 4668.
Memory consumption went from 166.2 MB to 166.1 MB.
Total: 2.850800 ms (FindLiveObjects: 0.455200 ms CreateObjectMapping: 0.135500 ms MarkObjects: 2.234000 ms  DeleteObjects: 0.025100 ms)

AssetImportParameters requested are different than current active one (requested -> active):
  custom:video-decoder-ogg-theora: a1e56fd34408186e4bbccfd4996cb3dc -> 
  custom:container-muxer-webm: aa71ff27fc2769a1b78a27578f13a17b -> 
  custom:container-demuxer-webm: 4f35f7cbe854078d1ac9338744f61a02 -> 
  custom:video-encoder-webm-vp8: eb34c28f22e8b96e1ab97ce403110664 -> 
  custom:CustomObjectIndexerAttribute: bc11b3a6c3213fcdd17b65e7da85e133 -> 
  custom:audio-encoder-webm-vorbis: bf7c407c2cedff20999df2af8eb42d56 -> 
  custom:framework-win-MediaFoundation: 216162199b28c13a410421893ffa2e32 -> 
  custom:SearchIndexIgnoredProperties: e643bd26f0fe6173181afceb89e7c659 -> 
  custom:container-demuxer-ogg: 62fdf1f143b41e24485cea50d1cbac27 -> 
  custom:video-decoder-webm-vp8: 9c59270c3fd7afecdb556c50c9e8de78 -> 
  custom:audio-decoder-ogg-vorbis: bf7c407c2cedff20999df2af8eb42d56 -> 
========================================================================
Received Prepare
Registering precompiled user dll's ...
Registered in 0.005577 seconds.
Begin MonoManager ReloadAssembly
Native extension for WindowsStandalone target not found
Native extension for iOS target not found
Native extension for Android target not found
Native extension for WebGL target not found
Refreshing native plugins compatible for Editor in 0.76 ms, found 5 plugins.
Preloading 1 native plugins for Editor in 0.05 ms.
[Package Manager] Server::EnsureServerProcessIsRunning -- launch failed, reason: Unity was launched with the -noUpm command-line argument
[Package Manager] Cannot connect to Unity Package Manager local server
Mono: successfully reloaded assembly
- Completed reload, in  1.168 seconds
Domain Reload Profiling:
	ReloadAssembly (1169ms)
		BeginReloadAssembly (129ms)
			ExecutionOrderSort (0ms)
			DisableScriptedObjects (5ms)
			BackupInstance (0ms)
			ReleaseScriptingObjects (0ms)
			CreateAndSetChildDomain (33ms)
		EndReloadAssembly (968ms)
			LoadAssemblies (92ms)
			RebuildTransferFunctionScriptingTraits (0ms)
			SetupTypeCache (196ms)
			ReleaseScriptCaches (2ms)
			RebuildScriptCaches (33ms)
			SetupLoadedEditorAssemblies (629ms)
				LogAssemblyErrors (0ms)
				InitializePlatformSupportModulesInManaged (24ms)
				SetLoadedEditorAssemblies (0ms)
				RefreshPlugins (1ms)
				BeforeProcessingInitializeOnLoad (63ms)
				ProcessInitializeOnLoadAttributes (512ms)
				ProcessInitializeOnLoadMethodAttributes (25ms)
				AfterProcessingInitializeOnLoad (4ms)
				EditorAssembliesLoaded (0ms)
			ExecutionOrderSort2 (0ms)
			AwakeInstancesAfterBackupRestoration (5ms)
Platform modules already initialized, skipping
Refreshing native plugins compatible for Editor in 0.80 ms, found 5 plugins.
Preloading 1 native plugins for Editor in 0.05 ms.
Unloading 4194 Unused Serialized files (Serialized files now loaded: 0)
Unloading 38 unused Assets / (83.2 KB). Loaded Objects now: 4697.
Memory consumption went from 167.4 MB to 167.3 MB.
Total: 2.937200 ms (FindLiveObjects: 0.262200 ms CreateObjectMapping: 0.135700 ms MarkObjects: 2.474900 ms  DeleteObjects: 0.063600 ms)

AssetImportParameters requested are different than current active one (requested -> active):
  custom:video-decoder-ogg-theora: a1e56fd34408186e4bbccfd4996cb3dc -> 
  custom:container-muxer-webm: aa71ff27fc2769a1b78a27578f13a17b -> 
  custom:container-demuxer-webm: 4f35f7cbe854078d1ac9338744f61a02 -> 
  custom:video-encoder-webm-vp8: eb34c28f22e8b96e1ab97ce403110664 -> 
  custom:CustomObjectIndexerAttribute: bc11b3a6c3213fcdd17b65e7da85e133 -> 
  custom:audio-encoder-webm-vorbis: bf7c407c2cedff20999df2af8eb42d56 -> 
  custom:framework-win-MediaFoundation: 216162199b28c13a410421893ffa2e32 -> 
  custom:SearchIndexIgnoredProperties: e643bd26f0fe6173181afceb89e7c659 -> 
  custom:container-demuxer-ogg: 62fdf1f143b41e24485cea50d1cbac27 -> 
  custom:video-decoder-webm-vp8: 9c59270c3fd7afecdb556c50c9e8de78 -> 
  custom:audio-decoder-ogg-vorbis: bf7c407c2cedff20999df2af8eb42d56 -> 
========================================================================
Received Import Request.
  Time since last request: 13528.608324 seconds.
  path: Assets/UltimateIsometricToolkit/Art/CustomAlien_sprites/alien_spritesheet.png
  artifactKey: Guid(178f2e9275ffa7c46807161341296bf4) Importer(815301076,1909f56bfc062723c751e8b465ee728b)
Number of updated assets reloaded before import = 0
Start importing Assets/UltimateIsometricToolkit/Art/CustomAlien_sprites/alien_spritesheet.png using Guid(178f2e9275ffa7c46807161341296bf4) Importer(815301076,1909f56bfc062723c751e8b465ee728b)  -> (artifact id: '451d1ed452c6e85f27ba1aa566a214bb') in 0.143017 seconds 
Number of asset objects unloaded after import = 35
========================================================================
Received Prepare
Registering precompiled user dll's ...
Registered in 0.005941 seconds.
Begin MonoManager ReloadAssembly
Native extension for WindowsStandalone target not found
Native extension for iOS target not found
Native extension for Android target not found
Native extension for WebGL target not found
Refreshing native plugins compatible for Editor in 1.00 ms, found 5 plugins.
Preloading 1 native plugins for Editor in 0.06 ms.
[Package Manager] Server::EnsureServerProcessIsRunning -- launch failed, reason: Unity was launched with the -noUpm command-line argument
[Package Manager] Cannot connect to Unity Package Manager local server
Mono: successfully reloaded assembly
- Completed reload, in  1.227 seconds
Domain Reload Profiling:
	ReloadAssembly (1227ms)
		BeginReloadAssembly (130ms)
			ExecutionOrderSort (0ms)
			DisableScriptedObjects (5ms)
			BackupInstance (0ms)
			ReleaseScriptingObjects (0ms)
			CreateAndSetChildDomain (29ms)
		EndReloadAssembly (1020ms)
			LoadAssemblies (95ms)
			RebuildTransferFunctionScriptingTraits (0ms)
			SetupTypeCache (220ms)
			ReleaseScriptCaches (2ms)
			RebuildScriptCaches (40ms)
			SetupLoadedEditorAssemblies (644ms)
				LogAssemblyErrors (0ms)
				InitializePlatformSupportModulesInManaged (27ms)
				SetLoadedEditorAssemblies (1ms)
				RefreshPlugins (1ms)
				BeforeProcessingInitializeOnLoad (64ms)
				ProcessInitializeOnLoadAttributes (517ms)
				ProcessInitializeOnLoadMethodAttributes (30ms)
				AfterProcessingInitializeOnLoad (4ms)
				EditorAssembliesLoaded (0ms)
			ExecutionOrderSort2 (0ms)
			AwakeInstancesAfterBackupRestoration (7ms)
Platform modules already initialized, skipping
Refreshing native plugins compatible for Editor in 1.34 ms, found 5 plugins.
Preloading 1 native plugins for Editor in 0.07 ms.
Unloading 4194 Unused Serialized files (Serialized files now loaded: 0)
Unloading 38 unused Assets / (84.4 KB). Loaded Objects now: 4741.
Memory consumption went from 167.5 MB to 167.5 MB.
Total: 2.927800 ms (FindLiveObjects: 0.347200 ms CreateObjectMapping: 0.176700 ms MarkObjects: 2.311600 ms  DeleteObjects: 0.091100 ms)

AssetImportParameters requested are different than current active one (requested -> active):
  custom:video-decoder-ogg-theora: a1e56fd34408186e4bbccfd4996cb3dc -> 
  custom:container-muxer-webm: aa71ff27fc2769a1b78a27578f13a17b -> 
  custom:container-demuxer-webm: 4f35f7cbe854078d1ac9338744f61a02 -> 
  custom:video-encoder-webm-vp8: eb34c28f22e8b96e1ab97ce403110664 -> 
  custom:CustomObjectIndexerAttribute: bc11b3a6c3213fcdd17b65e7da85e133 -> 
  custom:audio-encoder-webm-vorbis: bf7c407c2cedff20999df2af8eb42d56 -> 
  custom:framework-win-MediaFoundation: 216162199b28c13a410421893ffa2e32 -> 
  custom:SearchIndexIgnoredProperties: e643bd26f0fe6173181afceb89e7c659 -> 
  custom:container-demuxer-ogg: 62fdf1f143b41e24485cea50d1cbac27 -> 
  custom:video-decoder-webm-vp8: 9c59270c3fd7afecdb556c50c9e8de78 -> 
  custom:audio-decoder-ogg-vorbis: bf7c407c2cedff20999df2af8eb42d56 -> 
========================================================================
Received Prepare
Registering precompiled user dll's ...
Registered in 0.005911 seconds.
Begin MonoManager ReloadAssembly
Native extension for WindowsStandalone target not found
Native extension for iOS target not found
Native extension for Android target not found
Native extension for WebGL target not found
Refreshing native plugins compatible for Editor in 1.21 ms, found 5 plugins.
Preloading 1 native plugins for Editor in 0.09 ms.
[Package Manager] Server::EnsureServerProcessIsRunning -- launch failed, reason: Unity was launched with the -noUpm command-line argument
[Package Manager] Cannot connect to Unity Package Manager local server
Mono: successfully reloaded assembly
- Completed reload, in  1.258 seconds
Domain Reload Profiling:
	ReloadAssembly (1259ms)
		BeginReloadAssembly (137ms)
			ExecutionOrderSort (0ms)
			DisableScriptedObjects (5ms)
			BackupInstance (0ms)
			ReleaseScriptingObjects (0ms)
			CreateAndSetChildDomain (30ms)
		EndReloadAssembly (1047ms)
			LoadAssemblies (102ms)
			RebuildTransferFunctionScriptingTraits (0ms)
			SetupTypeCache (218ms)
			ReleaseScriptCaches (2ms)
			RebuildScriptCaches (49ms)
			SetupLoadedEditorAssemblies (656ms)
				LogAssemblyErrors (0ms)
				InitializePlatformSupportModulesInManaged (26ms)
				SetLoadedEditorAssemblies (0ms)
				RefreshPlugins (1ms)
				BeforeProcessingInitializeOnLoad (69ms)
				ProcessInitializeOnLoadAttributes (523ms)
				ProcessInitializeOnLoadMethodAttributes (31ms)
				AfterProcessingInitializeOnLoad (5ms)
				EditorAssembliesLoaded (0ms)
			ExecutionOrderSort2 (0ms)
			AwakeInstancesAfterBackupRestoration (6ms)
Platform modules already initialized, skipping
Refreshing native plugins compatible for Editor in 0.95 ms, found 5 plugins.
Preloading 1 native plugins for Editor in 0.06 ms.
Unloading 4194 Unused Serialized files (Serialized files now loaded: 0)
Unloading 38 unused Assets / (83.3 KB). Loaded Objects now: 4745.
Memory consumption went from 167.6 MB to 167.5 MB.
Total: 2.840100 ms (FindLiveObjects: 0.316000 ms CreateObjectMapping: 0.118500 ms MarkObjects: 2.310600 ms  DeleteObjects: 0.093700 ms)

AssetImportParameters requested are different than current active one (requested -> active):
  custom:video-decoder-ogg-theora: a1e56fd34408186e4bbccfd4996cb3dc -> 
  custom:container-muxer-webm: aa71ff27fc2769a1b78a27578f13a17b -> 
  custom:container-demuxer-webm: 4f35f7cbe854078d1ac9338744f61a02 -> 
  custom:video-encoder-webm-vp8: eb34c28f22e8b96e1ab97ce403110664 -> 
  custom:CustomObjectIndexerAttribute: bc11b3a6c3213fcdd17b65e7da85e133 -> 
  custom:audio-encoder-webm-vorbis: bf7c407c2cedff20999df2af8eb42d56 -> 
  custom:framework-win-MediaFoundation: 216162199b28c13a410421893ffa2e32 -> 
  custom:SearchIndexIgnoredProperties: e643bd26f0fe6173181afceb89e7c659 -> 
  custom:container-demuxer-ogg: 62fdf1f143b41e24485cea50d1cbac27 -> 
  custom:video-decoder-webm-vp8: 9c59270c3fd7afecdb556c50c9e8de78 -> 
  custom:audio-decoder-ogg-vorbis: bf7c407c2cedff20999df2af8eb42d56 -> 
========================================================================
Received Import Request.
  Time since last request: 6126.008410 seconds.
  path: Assets/Samples/WebRTC/3.0.0-pre.7/Example/Audio/sin_stereo.wav
  artifactKey: Guid(f27600aebfe6cf4409ea219b1819d4fb) Importer(815301076,1909f56bfc062723c751e8b465ee728b)
Number of updated assets reloaded before import = 0
Start importing Assets/Samples/WebRTC/3.0.0-pre.7/Example/Audio/sin_stereo.wav using Guid(f27600aebfe6cf4409ea219b1819d4fb) Importer(815301076,1909f56bfc062723c751e8b465ee728b)  -> (artifact id: '3654e9807aa274060fb0e4e5db5f00c6') in 0.065481 seconds 
Number of asset objects unloaded after import = 2
========================================================================
Received Import Request.
  Time since last request: 9.918188 seconds.
  path: Assets/Samples/WebRTC/3.0.0-pre.7/Example/TrickleIce/Option.prefab
  artifactKey: Guid(aff25b7926e7dc04b8add03a42fa2626) Importer(815301076,1909f56bfc062723c751e8b465ee728b)
Number of updated assets reloaded before import = 0
Start importing Assets/Samples/WebRTC/3.0.0-pre.7/Example/TrickleIce/Option.prefab using Guid(aff25b7926e7dc04b8add03a42fa2626) Importer(815301076,1909f56bfc062723c751e8b465ee728b)  -> (artifact id: '2d377c6e09a84e72fce1de69d22b0a77') in 0.019116 seconds 
Number of asset objects unloaded after import = 11
========================================================================
Received Prepare
Registering precompiled user dll's ...
Registered in 0.005376 seconds.
Begin MonoManager ReloadAssembly
Native extension for WindowsStandalone target not found
Native extension for iOS target not found
Native extension for Android target not found
Native extension for WebGL target not found
Refreshing native plugins compatible for Editor in 0.80 ms, found 5 plugins.
Preloading 1 native plugins for Editor in 0.05 ms.
[Package Manager] Server::EnsureServerProcessIsRunning -- launch failed, reason: Unity was launched with the -noUpm command-line argument
[Package Manager] Cannot connect to Unity Package Manager local server
Mono: successfully reloaded assembly
- Completed reload, in  1.166 seconds
Domain Reload Profiling:
	ReloadAssembly (1166ms)
		BeginReloadAssembly (126ms)
			ExecutionOrderSort (0ms)
			DisableScriptedObjects (6ms)
			BackupInstance (0ms)
			ReleaseScriptingObjects (0ms)
			CreateAndSetChildDomain (34ms)
		EndReloadAssembly (964ms)
			LoadAssemblies (87ms)
			RebuildTransferFunctionScriptingTraits (0ms)
			SetupTypeCache (194ms)
			ReleaseScriptCaches (1ms)
			RebuildScriptCaches (35ms)
			SetupLoadedEditorAssemblies (620ms)
				LogAssemblyErrors (0ms)
				InitializePlatformSupportModulesInManaged (23ms)
				SetLoadedEditorAssemblies (0ms)
				RefreshPlugins (1ms)
				BeforeProcessingInitializeOnLoad (61ms)
				ProcessInitializeOnLoadAttributes (504ms)
				ProcessInitializeOnLoadMethodAttributes (26ms)
				AfterProcessingInitializeOnLoad (4ms)
				EditorAssembliesLoaded (0ms)
			ExecutionOrderSort2 (0ms)
			AwakeInstancesAfterBackupRestoration (6ms)
Platform modules already initialized, skipping
Refreshing native plugins compatible for Editor in 0.82 ms, found 5 plugins.
Preloading 1 native plugins for Editor in 0.05 ms.
Unloading 4194 Unused Serialized files (Serialized files now loaded: 0)
Unloading 38 unused Assets / (83.2 KB). Loaded Objects now: 4757.
Memory consumption went from 167.7 MB to 167.7 MB.
Total: 2.912200 ms (FindLiveObjects: 0.286100 ms CreateObjectMapping: 0.111700 ms MarkObjects: 2.425600 ms  DeleteObjects: 0.088000 ms)

AssetImportParameters requested are different than current active one (requested -> active):
  custom:video-decoder-ogg-theora: a1e56fd34408186e4bbccfd4996cb3dc -> 
  custom:container-muxer-webm: aa71ff27fc2769a1b78a27578f13a17b -> 
  custom:container-demuxer-webm: 4f35f7cbe854078d1ac9338744f61a02 -> 
  custom:video-encoder-webm-vp8: eb34c28f22e8b96e1ab97ce403110664 -> 
  custom:CustomObjectIndexerAttribute: bc11b3a6c3213fcdd17b65e7da85e133 -> 
  custom:audio-encoder-webm-vorbis: bf7c407c2cedff20999df2af8eb42d56 -> 
  custom:framework-win-MediaFoundation: 216162199b28c13a410421893ffa2e32 -> 
  custom:SearchIndexIgnoredProperties: e643bd26f0fe6173181afceb89e7c659 -> 
  custom:container-demuxer-ogg: 62fdf1f143b41e24485cea50d1cbac27 -> 
  custom:video-decoder-webm-vp8: 9c59270c3fd7afecdb556c50c9e8de78 -> 
  custom:audio-decoder-ogg-vorbis: bf7c407c2cedff20999df2af8eb42d56 -> 
========================================================================
Received Prepare
Registering precompiled user dll's ...
Registered in 0.005424 seconds.
Begin MonoManager ReloadAssembly
Native extension for WindowsStandalone target not found
Native extension for iOS target not found
Native extension for Android target not found
Native extension for WebGL target not found
Refreshing native plugins compatible for Editor in 0.75 ms, found 5 plugins.
Preloading 1 native plugins for Editor in 0.05 ms.
[Package Manager] Server::EnsureServerProcessIsRunning -- launch failed, reason: Unity was launched with the -noUpm command-line argument
[Package Manager] Cannot connect to Unity Package Manager local server
Mono: successfully reloaded assembly
- Completed reload, in  1.165 seconds
Domain Reload Profiling:
	ReloadAssembly (1165ms)
		BeginReloadAssembly (123ms)
			ExecutionOrderSort (0ms)
			DisableScriptedObjects (4ms)
			BackupInstance (0ms)
			ReleaseScriptingObjects (0ms)
			CreateAndSetChildDomain (28ms)
		EndReloadAssembly (971ms)
			LoadAssemblies (94ms)
			RebuildTransferFunctionScriptingTraits (0ms)
			SetupTypeCache (191ms)
			ReleaseScriptCaches (1ms)
			RebuildScriptCaches (38ms)
			SetupLoadedEditorAssemblies (626ms)
				LogAssemblyErrors (0ms)
				InitializePlatformSupportModulesInManaged (27ms)
				SetLoadedEditorAssemblies (0ms)
				RefreshPlugins (1ms)
				BeforeProcessingInitializeOnLoad (56ms)
				ProcessInitializeOnLoadAttributes (512ms)
				ProcessInitializeOnLoadMethodAttributes (26ms)
				AfterProcessingInitializeOnLoad (4ms)
				EditorAssembliesLoaded (0ms)
			ExecutionOrderSort2 (0ms)
			AwakeInstancesAfterBackupRestoration (6ms)
Platform modules already initialized, skipping
Refreshing native plugins compatible for Editor in 0.90 ms, found 5 plugins.
Preloading 1 native plugins for Editor in 0.05 ms.
Unloading 4194 Unused Serialized files (Serialized files now loaded: 0)
Unloading 38 unused Assets / (84.3 KB). Loaded Objects now: 4761.
Memory consumption went from 167.8 MB to 167.7 MB.
Total: 2.504800 ms (FindLiveObjects: 0.284500 ms CreateObjectMapping: 0.112800 ms MarkObjects: 2.014000 ms  DeleteObjects: 0.092500 ms)

AssetImportParameters requested are different than current active one (requested -> active):
  custom:video-decoder-ogg-theora: a1e56fd34408186e4bbccfd4996cb3dc -> 
  custom:container-muxer-webm: aa71ff27fc2769a1b78a27578f13a17b -> 
  custom:container-demuxer-webm: 4f35f7cbe854078d1ac9338744f61a02 -> 
  custom:video-encoder-webm-vp8: eb34c28f22e8b96e1ab97ce403110664 -> 
  custom:CustomObjectIndexerAttribute: bc11b3a6c3213fcdd17b65e7da85e133 -> 
  custom:audio-encoder-webm-vorbis: bf7c407c2cedff20999df2af8eb42d56 -> 
  custom:framework-win-MediaFoundation: 216162199b28c13a410421893ffa2e32 -> 
  custom:SearchIndexIgnoredProperties: e643bd26f0fe6173181afceb89e7c659 -> 
  custom:container-demuxer-ogg: 62fdf1f143b41e24485cea50d1cbac27 -> 
  custom:video-decoder-webm-vp8: 9c59270c3fd7afecdb556c50c9e8de78 -> 
  custom:audio-decoder-ogg-vorbis: bf7c407c2cedff20999df2af8eb42d56 -> 
========================================================================
Received Prepare
Registering precompiled user dll's ...
Registered in 0.005534 seconds.
Begin MonoManager ReloadAssembly
Native extension for WindowsStandalone target not found
Native extension for iOS target not found
Native extension for Android target not found
Native extension for WebGL target not found
Refreshing native plugins compatible for Editor in 0.76 ms, found 5 plugins.
Preloading 1 native plugins for Editor in 0.06 ms.
[Package Manager] Server::EnsureServerProcessIsRunning -- launch failed, reason: Unity was launched with the -noUpm command-line argument
[Package Manager] Cannot connect to Unity Package Manager local server
Mono: successfully reloaded assembly
- Completed reload, in  1.180 seconds
Domain Reload Profiling:
	ReloadAssembly (1181ms)
		BeginReloadAssembly (119ms)
			ExecutionOrderSort (0ms)
			DisableScriptedObjects (4ms)
			BackupInstance (0ms)
			ReleaseScriptingObjects (0ms)
			CreateAndSetChildDomain (27ms)
		EndReloadAssembly (986ms)
			LoadAssemblies (93ms)
			RebuildTransferFunctionScriptingTraits (0ms)
			SetupTypeCache (204ms)
			ReleaseScriptCaches (1ms)
			RebuildScriptCaches (37ms)
			SetupLoadedEditorAssemblies (625ms)
				LogAssemblyErrors (0ms)
				InitializePlatformSupportModulesInManaged (24ms)
				SetLoadedEditorAssemblies (0ms)
				RefreshPlugins (1ms)
				BeforeProcessingInitializeOnLoad (61ms)
				ProcessInitializeOnLoadAttributes (504ms)
				ProcessInitializeOnLoadMethodAttributes (30ms)
				AfterProcessingInitializeOnLoad (4ms)
				EditorAssembliesLoaded (0ms)
			ExecutionOrderSort2 (0ms)
			AwakeInstancesAfterBackupRestoration (5ms)
Platform modules already initialized, skipping
Refreshing native plugins compatible for Editor in 0.76 ms, found 5 plugins.
Preloading 1 native plugins for Editor in 0.05 ms.
Unloading 4194 Unused Serialized files (Serialized files now loaded: 0)
Unloading 38 unused Assets / (84.2 KB). Loaded Objects now: 4765.
Memory consumption went from 167.8 MB to 167.7 MB.
Total: 2.413100 ms (FindLiveObjects: 0.272000 ms CreateObjectMapping: 0.108700 ms MarkObjects: 1.967700 ms  DeleteObjects: 0.063200 ms)

AssetImportParameters requested are different than current active one (requested -> active):
  custom:video-decoder-ogg-theora: a1e56fd34408186e4bbccfd4996cb3dc -> 
  custom:container-muxer-webm: aa71ff27fc2769a1b78a27578f13a17b -> 
  custom:container-demuxer-webm: 4f35f7cbe854078d1ac9338744f61a02 -> 
  custom:video-encoder-webm-vp8: eb34c28f22e8b96e1ab97ce403110664 -> 
  custom:CustomObjectIndexerAttribute: bc11b3a6c3213fcdd17b65e7da85e133 -> 
  custom:audio-encoder-webm-vorbis: bf7c407c2cedff20999df2af8eb42d56 -> 
  custom:framework-win-MediaFoundation: 216162199b28c13a410421893ffa2e32 -> 
  custom:SearchIndexIgnoredProperties: e643bd26f0fe6173181afceb89e7c659 -> 
  custom:container-demuxer-ogg: 62fdf1f143b41e24485cea50d1cbac27 -> 
  custom:video-decoder-webm-vp8: 9c59270c3fd7afecdb556c50c9e8de78 -> 
  custom:audio-decoder-ogg-vorbis: bf7c407c2cedff20999df2af8eb42d56 -> 
========================================================================
Received Prepare
Registering precompiled user dll's ...
Registered in 0.007774 seconds.
Begin MonoManager ReloadAssembly
Native extension for WindowsStandalone target not found
Native extension for iOS target not found
Native extension for Android target not found
Native extension for WebGL target not found
Refreshing native plugins compatible for Editor in 0.72 ms, found 5 plugins.
Preloading 1 native plugins for Editor in 0.05 ms.
[Package Manager] Server::EnsureServerProcessIsRunning -- launch failed, reason: Unity was launched with the -noUpm command-line argument
[Package Manager] Cannot connect to Unity Package Manager local server
Mono: successfully reloaded assembly
- Completed reload, in  1.165 seconds
Domain Reload Profiling:
	ReloadAssembly (1166ms)
		BeginReloadAssembly (120ms)
			ExecutionOrderSort (0ms)
			DisableScriptedObjects (4ms)
			BackupInstance (0ms)
			ReleaseScriptingObjects (0ms)
			CreateAndSetChildDomain (30ms)
		EndReloadAssembly (965ms)
			LoadAssemblies (91ms)
			RebuildTransferFunctionScriptingTraits (0ms)
			SetupTypeCache (197ms)
			ReleaseScriptCaches (1ms)
			RebuildScriptCaches (34ms)
			SetupLoadedEditorAssemblies (619ms)
				LogAssemblyErrors (0ms)
				InitializePlatformSupportModulesInManaged (27ms)
				SetLoadedEditorAssemblies (0ms)
				RefreshPlugins (1ms)
				BeforeProcessingInitializeOnLoad (59ms)
				ProcessInitializeOnLoadAttributes (502ms)
				ProcessInitializeOnLoadMethodAttributes (27ms)
				AfterProcessingInitializeOnLoad (4ms)
				EditorAssembliesLoaded (0ms)
			ExecutionOrderSort2 (0ms)
			AwakeInstancesAfterBackupRestoration (6ms)
Platform modules already initialized, skipping
Refreshing native plugins compatible for Editor in 0.80 ms, found 5 plugins.
Preloading 1 native plugins for Editor in 0.05 ms.
Unloading 4194 Unused Serialized files (Serialized files now loaded: 0)
Unloading 38 unused Assets / (84.1 KB). Loaded Objects now: 4769.
Memory consumption went from 167.8 MB to 167.7 MB.
Total: 2.808000 ms (FindLiveObjects: 0.286800 ms CreateObjectMapping: 0.109400 ms MarkObjects: 2.311300 ms  DeleteObjects: 0.099700 ms)

AssetImportParameters requested are different than current active one (requested -> active):
  custom:video-decoder-ogg-theora: a1e56fd34408186e4bbccfd4996cb3dc -> 
  custom:container-muxer-webm: aa71ff27fc2769a1b78a27578f13a17b -> 
  custom:container-demuxer-webm: 4f35f7cbe854078d1ac9338744f61a02 -> 
  custom:video-encoder-webm-vp8: eb34c28f22e8b96e1ab97ce403110664 -> 
  custom:CustomObjectIndexerAttribute: bc11b3a6c3213fcdd17b65e7da85e133 -> 
  custom:audio-encoder-webm-vorbis: bf7c407c2cedff20999df2af8eb42d56 -> 
  custom:framework-win-MediaFoundation: 216162199b28c13a410421893ffa2e32 -> 
  custom:SearchIndexIgnoredProperties: e643bd26f0fe6173181afceb89e7c659 -> 
  custom:container-demuxer-ogg: 62fdf1f143b41e24485cea50d1cbac27 -> 
  custom:video-decoder-webm-vp8: 9c59270c3fd7afecdb556c50c9e8de78 -> 
  custom:audio-decoder-ogg-vorbis: bf7c407c2cedff20999df2af8eb42d56 -> 
========================================================================
Received Prepare
Registering precompiled user dll's ...
Registered in 0.006450 seconds.
Begin MonoManager ReloadAssembly
Native extension for WindowsStandalone target not found
Native extension for iOS target not found
Native extension for Android target not found
Native extension for WebGL target not found
Refreshing native plugins compatible for Editor in 0.72 ms, found 5 plugins.
Preloading 1 native plugins for Editor in 0.05 ms.
[Package Manager] Server::EnsureServerProcessIsRunning -- launch failed, reason: Unity was launched with the -noUpm command-line argument
[Package Manager] Cannot connect to Unity Package Manager local server
Mono: successfully reloaded assembly
- Completed reload, in  1.140 seconds
Domain Reload Profiling:
	ReloadAssembly (1141ms)
		BeginReloadAssembly (122ms)
			ExecutionOrderSort (0ms)
			DisableScriptedObjects (5ms)
			BackupInstance (0ms)
			ReleaseScriptingObjects (0ms)
			CreateAndSetChildDomain (28ms)
		EndReloadAssembly (948ms)
			LoadAssemblies (90ms)
			RebuildTransferFunctionScriptingTraits (0ms)
			SetupTypeCache (187ms)
			ReleaseScriptCaches (1ms)
			RebuildScriptCaches (35ms)
			SetupLoadedEditorAssemblies (613ms)
				LogAssemblyErrors (0ms)
				InitializePlatformSupportModulesInManaged (22ms)
				SetLoadedEditorAssemblies (0ms)
				RefreshPlugins (1ms)
				BeforeProcessingInitializeOnLoad (55ms)
				ProcessInitializeOnLoadAttributes (505ms)
				ProcessInitializeOnLoadMethodAttributes (25ms)
				AfterProcessingInitializeOnLoad (4ms)
				EditorAssembliesLoaded (0ms)
			ExecutionOrderSort2 (0ms)
			AwakeInstancesAfterBackupRestoration (6ms)
Platform modules already initialized, skipping
Refreshing native plugins compatible for Editor in 0.79 ms, found 5 plugins.
Preloading 1 native plugins for Editor in 0.05 ms.
Unloading 4167 Unused Serialized files (Serialized files now loaded: 0)
Unloading 60 unused Assets / (21.9 KB). Loaded Objects now: 4749.
Memory consumption went from 166.9 MB to 166.9 MB.
Total: 2.726500 ms (FindLiveObjects: 0.364700 ms CreateObjectMapping: 0.143200 ms MarkObjects: 2.191000 ms  DeleteObjects: 0.027100 ms)

AssetImportParameters requested are different than current active one (requested -> active):
  custom:video-decoder-ogg-theora: a1e56fd34408186e4bbccfd4996cb3dc -> 
  custom:container-muxer-webm: aa71ff27fc2769a1b78a27578f13a17b -> 
  custom:container-demuxer-webm: 4f35f7cbe854078d1ac9338744f61a02 -> 
  custom:video-encoder-webm-vp8: eb34c28f22e8b96e1ab97ce403110664 -> 
  custom:CustomObjectIndexerAttribute: bc11b3a6c3213fcdd17b65e7da85e133 -> 
  custom:audio-encoder-webm-vorbis: bf7c407c2cedff20999df2af8eb42d56 -> 
  custom:framework-win-MediaFoundation: 216162199b28c13a410421893ffa2e32 -> 
  custom:SearchIndexIgnoredProperties: e643bd26f0fe6173181afceb89e7c659 -> 
  custom:container-demuxer-ogg: 62fdf1f143b41e24485cea50d1cbac27 -> 
  custom:video-decoder-webm-vp8: 9c59270c3fd7afecdb556c50c9e8de78 -> 
  custom:audio-decoder-ogg-vorbis: bf7c407c2cedff20999df2af8eb42d56 -> 
========================================================================
Received Prepare
Registering precompiled user dll's ...
Registered in 0.006196 seconds.
Begin MonoManager ReloadAssembly
Native extension for WindowsStandalone target not found
Native extension for iOS target not found
Native extension for Android target not found
Native extension for WebGL target not found
Refreshing native plugins compatible for Editor in 0.76 ms, found 5 plugins.
Preloading 1 native plugins for Editor in 0.06 ms.
[Package Manager] Server::EnsureServerProcessIsRunning -- launch failed, reason: Unity was launched with the -noUpm command-line argument
[Package Manager] Cannot connect to Unity Package Manager local server
Mono: successfully reloaded assembly
- Completed reload, in  1.189 seconds
Domain Reload Profiling:
	ReloadAssembly (1189ms)
		BeginReloadAssembly (128ms)
			ExecutionOrderSort (0ms)
			DisableScriptedObjects (5ms)
			BackupInstance (0ms)
			ReleaseScriptingObjects (0ms)
			CreateAndSetChildDomain (30ms)
		EndReloadAssembly (983ms)
			LoadAssemblies (93ms)
			RebuildTransferFunctionScriptingTraits (0ms)
			SetupTypeCache (229ms)
			ReleaseScriptCaches (1ms)
			RebuildScriptCaches (36ms)
			SetupLoadedEditorAssemblies (610ms)
				LogAssemblyErrors (0ms)
				InitializePlatformSupportModulesInManaged (23ms)
				SetLoadedEditorAssemblies (0ms)
				RefreshPlugins (1ms)
				BeforeProcessingInitializeOnLoad (57ms)
				ProcessInitializeOnLoadAttributes (500ms)
				ProcessInitializeOnLoadMethodAttributes (26ms)
				AfterProcessingInitializeOnLoad (3ms)
				EditorAssembliesLoaded (0ms)
			ExecutionOrderSort2 (0ms)
			AwakeInstancesAfterBackupRestoration (5ms)
Platform modules already initialized, skipping
Refreshing native plugins compatible for Editor in 0.82 ms, found 5 plugins.
Preloading 1 native plugins for Editor in 0.05 ms.
Unloading 4194 Unused Serialized files (Serialized files now loaded: 0)
Unloading 38 unused Assets / (83.2 KB). Loaded Objects now: 4777.
Memory consumption went from 167.8 MB to 167.7 MB.
Total: 2.815500 ms (FindLiveObjects: 0.275900 ms CreateObjectMapping: 0.109200 ms MarkObjects: 2.360300 ms  DeleteObjects: 0.069300 ms)

AssetImportParameters requested are different than current active one (requested -> active):
  custom:video-decoder-ogg-theora: a1e56fd34408186e4bbccfd4996cb3dc -> 
  custom:container-muxer-webm: aa71ff27fc2769a1b78a27578f13a17b -> 
  custom:container-demuxer-webm: 4f35f7cbe854078d1ac9338744f61a02 -> 
  custom:video-encoder-webm-vp8: eb34c28f22e8b96e1ab97ce403110664 -> 
  custom:CustomObjectIndexerAttribute: bc11b3a6c3213fcdd17b65e7da85e133 -> 
  custom:audio-encoder-webm-vorbis: bf7c407c2cedff20999df2af8eb42d56 -> 
  custom:framework-win-MediaFoundation: 216162199b28c13a410421893ffa2e32 -> 
  custom:SearchIndexIgnoredProperties: e643bd26f0fe6173181afceb89e7c659 -> 
  custom:container-demuxer-ogg: 62fdf1f143b41e24485cea50d1cbac27 -> 
  custom:video-decoder-webm-vp8: 9c59270c3fd7afecdb556c50c9e8de78 -> 
  custom:audio-decoder-ogg-vorbis: bf7c407c2cedff20999df2af8eb42d56 -> 
========================================================================
Received Import Request.
  Time since last request: 5423.450999 seconds.
  path: Assets/SPUM/ModernPack1/Prefabs/Modern002.prefab
  artifactKey: Guid(a41cb74410b4e55448a3b89f1b4e4102) Importer(815301076,1909f56bfc062723c751e8b465ee728b)
Number of updated assets reloaded before import = 0
Start importing Assets/SPUM/ModernPack1/Prefabs/Modern002.prefab using Guid(a41cb74410b4e55448a3b89f1b4e4102) Importer(815301076,1909f56bfc062723c751e8b465ee728b)  -> (artifact id: '73065c6fb6918bcb19dfe56514d27f71') in 0.096219 seconds 
Number of asset objects unloaded after import = 242
========================================================================
Received Import Request.
  Time since last request: 0.000023 seconds.
  path: Assets/SPUM/ModernPack1/Prefabs/Modern007.prefab
  artifactKey: Guid(88dc165d6b9de9c49a79a0b55d295629) Importer(815301076,1909f56bfc062723c751e8b465ee728b)
Number of updated assets reloaded before import = 0
Start importing Assets/SPUM/ModernPack1/Prefabs/Modern007.prefab using Guid(88dc165d6b9de9c49a79a0b55d295629) Importer(815301076,1909f56bfc062723c751e8b465ee728b)  -> (artifact id: '6ac8b4d03d9bb87b2c3e5f1b21a296b8') in 0.036450 seconds 
Number of asset objects unloaded after import = 244
========================================================================
Received Import Request.
  Time since last request: 0.000030 seconds.
  path: Assets/SPUM/ModernPack1/Prefabs/Modern005.prefab
  artifactKey: Guid(c61fd13c17ae17840a8c73a170bef4d1) Importer(815301076,1909f56bfc062723c751e8b465ee728b)
Number of updated assets reloaded before import = 0
Start importing Assets/SPUM/ModernPack1/Prefabs/Modern005.prefab using Guid(c61fd13c17ae17840a8c73a170bef4d1) Importer(815301076,1909f56bfc062723c751e8b465ee728b)  -> (artifact id: '409ef15709c5ec1dede0e9e9abd10e4f') in 0.037266 seconds 
Number of asset objects unloaded after import = 244
========================================================================
Received Import Request.
  Time since last request: 0.000016 seconds.
  path: Assets/SPUM/ModernPack1/Prefabs/Modern008.prefab
  artifactKey: Guid(08e4ce8bba02adb438d52b48b430ea4f) Importer(815301076,1909f56bfc062723c751e8b465ee728b)
Number of updated assets reloaded before import = 0
Start importing Assets/SPUM/ModernPack1/Prefabs/Modern008.prefab using Guid(08e4ce8bba02adb438d52b48b430ea4f) Importer(815301076,1909f56bfc062723c751e8b465ee728b)  -> (artifact id: '4aaf4d7513dd9c5a0c02eeacd75714f0') in 0.037494 seconds 
Number of asset objects unloaded after import = 244
========================================================================
Received Import Request.
  Time since last request: 1.413143 seconds.
  path: Assets/SPUM/ModernPack1/Prefabs/Modern014.prefab
  artifactKey: Guid(3336074d94a22d44fb72a920b6c59f08) Importer(815301076,1909f56bfc062723c751e8b465ee728b)
Number of updated assets reloaded before import = 0
Start importing Assets/SPUM/ModernPack1/Prefabs/Modern014.prefab using Guid(3336074d94a22d44fb72a920b6c59f08) Importer(815301076,1909f56bfc062723c751e8b465ee728b)  -> (artifact id: '82f5439ecd5891fd01b04a9c3fb43300') in 0.034160 seconds 
Number of asset objects unloaded after import = 244
========================================================================
Received Import Request.
  Time since last request: 0.004551 seconds.
  path: Assets/SPUM/ModernPack1/Prefabs/Modern016.prefab
  artifactKey: Guid(f982ee98b97811e4896a836a7d7deca6) Importer(815301076,1909f56bfc062723c751e8b465ee728b)
Number of updated assets reloaded before import = 0
Start importing Assets/SPUM/ModernPack1/Prefabs/Modern016.prefab using Guid(f982ee98b97811e4896a836a7d7deca6) Importer(815301076,1909f56bfc062723c751e8b465ee728b)  -> (artifact id: '2e630575ba08cb2369865f715c722111') in 0.034560 seconds 
Number of asset objects unloaded after import = 244
========================================================================
Received Import Request.
  Time since last request: 0.146705 seconds.
  path: Assets/SPUM/ModernPack1/Prefabs/Modern018.prefab
  artifactKey: Guid(1a9c359c2e9fc2b4e965ef01a0ef97a1) Importer(815301076,1909f56bfc062723c751e8b465ee728b)
Number of updated assets reloaded before import = 0
Start importing Assets/SPUM/ModernPack1/Prefabs/Modern018.prefab using Guid(1a9c359c2e9fc2b4e965ef01a0ef97a1) Importer(815301076,1909f56bfc062723c751e8b465ee728b)  -> (artifact id: '89f24d2805a407cc2a8e3a80ea30109f') in 0.033976 seconds 
Number of asset objects unloaded after import = 244
========================================================================
Received Import Request.
  Time since last request: 0.000016 seconds.
  path: Assets/SPUM/ModernPack1/Prefabs/Modern020.prefab
  artifactKey: Guid(c8e632f756480b748a1866727194be3a) Importer(815301076,1909f56bfc062723c751e8b465ee728b)
Number of updated assets reloaded before import = 0
Start importing Assets/SPUM/ModernPack1/Prefabs/Modern020.prefab using Guid(c8e632f756480b748a1866727194be3a) Importer(815301076,1909f56bfc062723c751e8b465ee728b)  -> (artifact id: '700d3715de603e36ffcc67d0344715e5') in 0.033062 seconds 
Number of asset objects unloaded after import = 244
========================================================================
Received Import Request.
  Time since last request: 0.000013 seconds.
  path: Assets/SPUM/ModernPack1/Prefabs/Modern022.prefab
  artifactKey: Guid(03b8d2bb6d674fb459756e75e69f5e60) Importer(815301076,1909f56bfc062723c751e8b465ee728b)
Number of updated assets reloaded before import = 0
Start importing Assets/SPUM/ModernPack1/Prefabs/Modern022.prefab using Guid(03b8d2bb6d674fb459756e75e69f5e60) Importer(815301076,1909f56bfc062723c751e8b465ee728b)  -> (artifact id: '87b85e4b39d7b0c5bec853c9c7d98855') in 0.034290 seconds 
Number of asset objects unloaded after import = 244
========================================================================
Received Import Request.
  Time since last request: 0.017938 seconds.
  path: Assets/SPUM/ModernPack1/Prefabs/Modern024.prefab
  artifactKey: Guid(19614194e22a1a34cb220c6051856d8f) Importer(815301076,1909f56bfc062723c751e8b465ee728b)
Number of updated assets reloaded before import = 0
Start importing Assets/SPUM/ModernPack1/Prefabs/Modern024.prefab using Guid(19614194e22a1a34cb220c6051856d8f) Importer(815301076,1909f56bfc062723c751e8b465ee728b)  -> (artifact id: '928a4ade8ab05d1d1d8d5f0044634d70') in 0.032471 seconds 
Number of asset objects unloaded after import = 242
========================================================================
Received Import Request.
  Time since last request: 0.063341 seconds.
  path: Assets/SPUM/ModernPack1/Prefabs/Modern026.prefab
  artifactKey: Guid(c2ce18d1b29cf6a42bb695a276ecb0ac) Importer(815301076,1909f56bfc062723c751e8b465ee728b)
Number of updated assets reloaded before import = 0
Start importing Assets/SPUM/ModernPack1/Prefabs/Modern026.prefab using Guid(c2ce18d1b29cf6a42bb695a276ecb0ac) Importer(815301076,1909f56bfc062723c751e8b465ee728b)  -> (artifact id: 'b15480122b979bfc51e92834b886906a') in 0.032946 seconds 
Number of asset objects unloaded after import = 240
========================================================================
Received Import Request.
  Time since last request: 0.000014 seconds.
  path: Assets/SPUM/ModernPack1/Prefabs/Modern028.prefab
  artifactKey: Guid(b9235ba9fc0c4e54daffa48e7985e1da) Importer(815301076,1909f56bfc062723c751e8b465ee728b)
Number of updated assets reloaded before import = 0
Start importing Assets/SPUM/ModernPack1/Prefabs/Modern028.prefab using Guid(b9235ba9fc0c4e54daffa48e7985e1da) Importer(815301076,1909f56bfc062723c751e8b465ee728b)  -> (artifact id: '438ed9a593b231e699a91444ea0bde6f') in 0.031980 seconds 
Number of asset objects unloaded after import = 243
========================================================================
Received Import Request.
  Time since last request: 0.161991 seconds.
  path: Assets/SPUM/ModernPack1/Prefabs/Modern031.prefab
  artifactKey: Guid(2184978f51b8d6f45b6d7b3c3629f7d6) Importer(815301076,1909f56bfc062723c751e8b465ee728b)
Number of updated assets reloaded before import = 0
Start importing Assets/SPUM/ModernPack1/Prefabs/Modern031.prefab using Guid(2184978f51b8d6f45b6d7b3c3629f7d6) Importer(815301076,1909f56bfc062723c751e8b465ee728b)  -> (artifact id: '2a811f2dcb94de03255d0d2d88e3579d') in 0.032308 seconds 
Number of asset objects unloaded after import = 244
========================================================================
Received Import Request.
  Time since last request: 0.174725 seconds.
  path: Assets/SPUM/ModernPack1/Prefabs/Modern034.prefab
  artifactKey: Guid(1530a091ff7df5849b225ee9053f450f) Importer(815301076,1909f56bfc062723c751e8b465ee728b)
Number of updated assets reloaded before import = 0
Start importing Assets/SPUM/ModernPack1/Prefabs/Modern034.prefab using Guid(1530a091ff7df5849b225ee9053f450f) Importer(815301076,1909f56bfc062723c751e8b465ee728b)  -> (artifact id: '6d9c64a7c167cdeb23f5e8a29109513a') in 0.037438 seconds 
Number of asset objects unloaded after import = 246
========================================================================
Received Import Request.
  Time since last request: 0.000017 seconds.
  path: Assets/SPUM/ModernPack1/Prefabs/Modern036.prefab
  artifactKey: Guid(879a4192a44cb184a99bc38375c26d84) Importer(815301076,1909f56bfc062723c751e8b465ee728b)
Number of updated assets reloaded before import = 0
Start importing Assets/SPUM/ModernPack1/Prefabs/Modern036.prefab using Guid(879a4192a44cb184a99bc38375c26d84) Importer(815301076,1909f56bfc062723c751e8b465ee728b)  -> (artifact id: '3b5ae57e0d15daa12219b2b1361fea58') in 0.032824 seconds 
Number of asset objects unloaded after import = 244
========================================================================
Received Import Request.
  Time since last request: 0.157388 seconds.
  path: Assets/SPUM/ModernPack1/Prefabs/Modern039.prefab
  artifactKey: Guid(7c83731c96eaee9419a125be4e9272cc) Importer(815301076,1909f56bfc062723c751e8b465ee728b)
Number of updated assets reloaded before import = 0
Start importing Assets/SPUM/ModernPack1/Prefabs/Modern039.prefab using Guid(7c83731c96eaee9419a125be4e9272cc) Importer(815301076,1909f56bfc062723c751e8b465ee728b)  -> (artifact id: '5abe4c899e8f662256d37e68da25184a') in 0.031818 seconds 
Number of asset objects unloaded after import = 248
========================================================================
Received Import Request.
  Time since last request: 0.000015 seconds.
  path: Assets/SPUM/ModernPack1/Prefabs/Modern041.prefab
  artifactKey: Guid(afd4f11ee77fa1644be99eb55b2262a6) Importer(815301076,1909f56bfc062723c751e8b465ee728b)
Number of updated assets reloaded before import = 0
Start importing Assets/SPUM/ModernPack1/Prefabs/Modern041.prefab using Guid(afd4f11ee77fa1644be99eb55b2262a6) Importer(815301076,1909f56bfc062723c751e8b465ee728b)  -> (artifact id: 'ea2512f92cffb34da9c32743da280cf1') in 0.032609 seconds 
Number of asset objects unloaded after import = 246
========================================================================
Received Import Request.
  Time since last request: 0.200859 seconds.
  path: Assets/SPUM/ModernPack1/Prefabs/Modern043.prefab
  artifactKey: Guid(44f5d623e33f92541b2c03319e9d7f3d) Importer(815301076,1909f56bfc062723c751e8b465ee728b)
Number of updated assets reloaded before import = 0
Start importing Assets/SPUM/ModernPack1/Prefabs/Modern043.prefab using Guid(44f5d623e33f92541b2c03319e9d7f3d) Importer(815301076,1909f56bfc062723c751e8b465ee728b)  -> (artifact id: '84fee4c5cf569778dad275975bf8438f') in 0.031644 seconds 
Number of asset objects unloaded after import = 244
========================================================================
Received Import Request.
  Time since last request: 0.000016 seconds.
  path: Assets/SPUM/ModernPack1/Prefabs/Modern045.prefab
  artifactKey: Guid(9f3af2f60b29cfd4bbf0bb4e67f4342a) Importer(815301076,1909f56bfc062723c751e8b465ee728b)
Number of updated assets reloaded before import = 0
Start importing Assets/SPUM/ModernPack1/Prefabs/Modern045.prefab using Guid(9f3af2f60b29cfd4bbf0bb4e67f4342a) Importer(815301076,1909f56bfc062723c751e8b465ee728b)  -> (artifact id: 'ceceb011297b16adeeaec66f10a2c215') in 0.031899 seconds 
Number of asset objects unloaded after import = 243
========================================================================
Received Import Request.
  Time since last request: 0.014657 seconds.
  path: Assets/SPUM/ModernPack1/Prefabs/Modern047.prefab
  artifactKey: Guid(acceca3810a4f774da64ddbca9c7cec3) Importer(815301076,1909f56bfc062723c751e8b465ee728b)
Number of updated assets reloaded before import = 0
Start importing Assets/SPUM/ModernPack1/Prefabs/Modern047.prefab using Guid(acceca3810a4f774da64ddbca9c7cec3) Importer(815301076,1909f56bfc062723c751e8b465ee728b)  -> (artifact id: '9f27415906bd6d32ddec8de060fb2a24') in 0.032870 seconds 
Number of asset objects unloaded after import = 246
========================================================================
Received Import Request.
  Time since last request: 0.210865 seconds.
  path: Assets/SPUM/ModernPack1/Prefabs/Modern049.prefab
  artifactKey: Guid(f33a91dd1b8a2bb4ab945c36c661995e) Importer(815301076,1909f56bfc062723c751e8b465ee728b)
Number of updated assets reloaded before import = 0
Start importing Assets/SPUM/ModernPack1/Prefabs/Modern049.prefab using Guid(f33a91dd1b8a2bb4ab945c36c661995e) Importer(815301076,1909f56bfc062723c751e8b465ee728b)  -> (artifact id: 'c2f4b65a1ad0910813cb96cbe8dac58c') in 0.030552 seconds 
Number of asset objects unloaded after import = 244
========================================================================
Received Import Request.
  Time since last request: 0.019660 seconds.
  path: Assets/SPUM/ModernPack1/Prefabs/Modern051.prefab
  artifactKey: Guid(3b8c6a2062d3a4f4f84c7af4a94949e0) Importer(815301076,1909f56bfc062723c751e8b465ee728b)
Number of updated assets reloaded before import = 0
Start importing Assets/SPUM/ModernPack1/Prefabs/Modern051.prefab using Guid(3b8c6a2062d3a4f4f84c7af4a94949e0) Importer(815301076,1909f56bfc062723c751e8b465ee728b)  -> (artifact id: 'f9c873072d01a6f4de29c4dbc26b53e4') in 0.030912 seconds 
Number of asset objects unloaded after import = 239
========================================================================
Received Import Request.
  Time since last request: 0.761189 seconds.
  path: Assets/SPUM/ModernPack1/Prefabs/Modern054.prefab
  artifactKey: Guid(552330a092322e343b3bf726071eb3af) Importer(815301076,1909f56bfc062723c751e8b465ee728b)
Number of updated assets reloaded before import = 0
Start importing Assets/SPUM/ModernPack1/Prefabs/Modern054.prefab using Guid(552330a092322e343b3bf726071eb3af) Importer(815301076,1909f56bfc062723c751e8b465ee728b)  -> (artifact id: '22b1be02cb33e09cfe4acfb46bd2d72e') in 0.030498 seconds 
Number of asset objects unloaded after import = 243
========================================================================
Received Import Request.
  Time since last request: 0.007037 seconds.
  path: Assets/SPUM/ModernPack1/Prefabs/Modern056.prefab
  artifactKey: Guid(8826ad042638c0f49bc31efd1caa927f) Importer(815301076,1909f56bfc062723c751e8b465ee728b)
Number of updated assets reloaded before import = 0
Start importing Assets/SPUM/ModernPack1/Prefabs/Modern056.prefab using Guid(8826ad042638c0f49bc31efd1caa927f) Importer(815301076,1909f56bfc062723c751e8b465ee728b)  -> (artifact id: '6dedbbdb0bf4233b4752031a599c88f1') in 0.031821 seconds 
Number of asset objects unloaded after import = 245
========================================================================
Received Import Request.
  Time since last request: 0.179908 seconds.
  path: Assets/SPUM/ModernPack1/Prefabs/Modern059.prefab
  artifactKey: Guid(7288436cc942380468c304f992c66938) Importer(815301076,1909f56bfc062723c751e8b465ee728b)
Number of updated assets reloaded before import = 0
Start importing Assets/SPUM/ModernPack1/Prefabs/Modern059.prefab using Guid(7288436cc942380468c304f992c66938) Importer(815301076,1909f56bfc062723c751e8b465ee728b)  -> (artifact id: '5e7739475f28bb9e9b9ca48024c3603a') in 0.033473 seconds 
Number of asset objects unloaded after import = 246
========================================================================
Received Import Request.
  Time since last request: 0.010986 seconds.
  path: Assets/SPUM/ModernPack1/Prefabs/Modern061.prefab
  artifactKey: Guid(1e89c6c21dda60946a38ce5eb7cebd1a) Importer(815301076,1909f56bfc062723c751e8b465ee728b)
Number of updated assets reloaded before import = 0
Start importing Assets/SPUM/ModernPack1/Prefabs/Modern061.prefab using Guid(1e89c6c21dda60946a38ce5eb7cebd1a) Importer(815301076,1909f56bfc062723c751e8b465ee728b)  -> (artifact id: '8460f616b8763e5092201069f0905cd1') in 0.032577 seconds 
Number of asset objects unloaded after import = 244
========================================================================
Received Import Request.
  Time since last request: 0.165058 seconds.
  path: Assets/SPUM/ModernPack1/Prefabs/Modern063.prefab
  artifactKey: Guid(79590f71b3caecc4886c418060a931c6) Importer(815301076,1909f56bfc062723c751e8b465ee728b)
Number of updated assets reloaded before import = 0
Start importing Assets/SPUM/ModernPack1/Prefabs/Modern063.prefab using Guid(79590f71b3caecc4886c418060a931c6) Importer(815301076,1909f56bfc062723c751e8b465ee728b)  -> (artifact id: '58575ae873eb755b00b5cb6297017e0d') in 0.032491 seconds 
Number of asset objects unloaded after import = 243
========================================================================
Received Import Request.
  Time since last request: 0.000018 seconds.
  path: Assets/SPUM/ModernPack1/Prefabs/Modern064.prefab
  artifactKey: Guid(bad15d23b2afdcb4883499645efe1e51) Importer(815301076,1909f56bfc062723c751e8b465ee728b)
Number of updated assets reloaded before import = 0
Start importing Assets/SPUM/ModernPack1/Prefabs/Modern064.prefab using Guid(bad15d23b2afdcb4883499645efe1e51) Importer(815301076,1909f56bfc062723c751e8b465ee728b)  -> (artifact id: '4dd8095ee648e274885774388a078c79') in 0.031805 seconds 
Number of asset objects unloaded after import = 241
========================================================================
Received Import Request.
  Time since last request: 0.177517 seconds.
  path: Assets/SPUM/ModernPack1/Prefabs/Modern067.prefab
  artifactKey: Guid(127a085aacc6d544dbf84f8c8adb57f0) Importer(815301076,1909f56bfc062723c751e8b465ee728b)
Number of updated assets reloaded before import = 0
Start importing Assets/SPUM/ModernPack1/Prefabs/Modern067.prefab using Guid(127a085aacc6d544dbf84f8c8adb57f0) Importer(815301076,1909f56bfc062723c751e8b465ee728b)  -> (artifact id: 'a2a23d0ffa58d539e98a11618cc5ad6b') in 0.034644 seconds 
Number of asset objects unloaded after import = 242
========================================================================
Received Import Request.
  Time since last request: 0.000034 seconds.
  path: Assets/SPUM/ModernPack1/Prefabs/Modern069.prefab
  artifactKey: Guid(da783d6961b344a4bb918e58bcce07c3) Importer(815301076,1909f56bfc062723c751e8b465ee728b)
Number of updated assets reloaded before import = 0
Start importing Assets/SPUM/ModernPack1/Prefabs/Modern069.prefab using Guid(da783d6961b344a4bb918e58bcce07c3) Importer(815301076,1909f56bfc062723c751e8b465ee728b)  -> (artifact id: 'f40a28dd23bad17febc039c1f298838b') in 0.034481 seconds 
Number of asset objects unloaded after import = 244
========================================================================
Received Import Request.
  Time since last request: 0.180509 seconds.
  path: Assets/SPUM/ModernPack1/Prefabs/Modern071.prefab
  artifactKey: Guid(3f9aab39a41ae4541870a8095f61b61d) Importer(815301076,1909f56bfc062723c751e8b465ee728b)
Number of updated assets reloaded before import = 0
Start importing Assets/SPUM/ModernPack1/Prefabs/Modern071.prefab using Guid(3f9aab39a41ae4541870a8095f61b61d) Importer(815301076,1909f56bfc062723c751e8b465ee728b)  -> (artifact id: '992fcf8c21194b6dcf0f866e9a40d96b') in 0.034225 seconds 
Number of asset objects unloaded after import = 244
========================================================================
Received Import Request.
  Time since last request: 0.000020 seconds.
  path: Assets/SPUM/ModernPack1/Prefabs/Modern073.prefab
  artifactKey: Guid(88bb96dd344627a4e8ae7c85ccba8886) Importer(815301076,1909f56bfc062723c751e8b465ee728b)
Number of updated assets reloaded before import = 0
Start importing Assets/SPUM/ModernPack1/Prefabs/Modern073.prefab using Guid(88bb96dd344627a4e8ae7c85ccba8886) Importer(815301076,1909f56bfc062723c751e8b465ee728b)  -> (artifact id: 'f6fa4151c063b44c3cc1eec390022c33') in 0.039838 seconds 
Number of asset objects unloaded after import = 246
========================================================================
Received Import Request.
  Time since last request: 0.160048 seconds.
  path: Assets/SPUM/ModernPack1/Prefabs/Modern076.prefab
  artifactKey: Guid(7401219383082bd4c9c5f5c9512dceca) Importer(815301076,1909f56bfc062723c751e8b465ee728b)
Number of updated assets reloaded before import = 0
Start importing Assets/SPUM/ModernPack1/Prefabs/Modern076.prefab using Guid(7401219383082bd4c9c5f5c9512dceca) Importer(815301076,1909f56bfc062723c751e8b465ee728b)  -> (artifact id: '16bbab7528a0d23217e24149f9d6fc91') in 0.031775 seconds 
Number of asset objects unloaded after import = 246
========================================================================
Received Import Request.
  Time since last request: 0.008156 seconds.
  path: Assets/SPUM/ModernPack1/Prefabs/Modern078.prefab
  artifactKey: Guid(616d3e85be0526845b34218a1bbf248d) Importer(815301076,1909f56bfc062723c751e8b465ee728b)
Number of updated assets reloaded before import = 0
Start importing Assets/SPUM/ModernPack1/Prefabs/Modern078.prefab using Guid(616d3e85be0526845b34218a1bbf248d) Importer(815301076,1909f56bfc062723c751e8b465ee728b)  -> (artifact id: '432af2616b44ff401f18c3c552507840') in 0.032364 seconds 
Number of asset objects unloaded after import = 242
========================================================================
Received Import Request.
  Time since last request: 0.147351 seconds.
  path: Assets/SPUM/ModernPack1/Prefabs/Modern080.prefab
  artifactKey: Guid(95e89646f08057449988693d36f991ab) Importer(815301076,1909f56bfc062723c751e8b465ee728b)
Number of updated assets reloaded before import = 0
Start importing Assets/SPUM/ModernPack1/Prefabs/Modern080.prefab using Guid(95e89646f08057449988693d36f991ab) Importer(815301076,1909f56bfc062723c751e8b465ee728b)  -> (artifact id: '47f701c4bbc86645d05c109b4b71a267') in 0.036879 seconds 
Number of asset objects unloaded after import = 242
========================================================================
Received Import Request.
  Time since last request: 0.000016 seconds.
  path: Assets/SPUM/ModernPack1/Prefabs/Modern082.prefab
  artifactKey: Guid(82fa4fb0372c206469f81d7ed25d849b) Importer(815301076,1909f56bfc062723c751e8b465ee728b)
Number of updated assets reloaded before import = 0
Start importing Assets/SPUM/ModernPack1/Prefabs/Modern082.prefab using Guid(82fa4fb0372c206469f81d7ed25d849b) Importer(815301076,1909f56bfc062723c751e8b465ee728b)  -> (artifact id: '477cd7fbbef14e409d39d7514013471d') in 0.038620 seconds 
Number of asset objects unloaded after import = 244
========================================================================
Received Import Request.
  Time since last request: 0.151980 seconds.
  path: Assets/SPUM/ModernPack1/Prefabs/Modern084.prefab
  artifactKey: Guid(a0f147cc060634d4980d335a1d2e2fcc) Importer(815301076,1909f56bfc062723c751e8b465ee728b)
Number of updated assets reloaded before import = 0
Start importing Assets/SPUM/ModernPack1/Prefabs/Modern084.prefab using Guid(a0f147cc060634d4980d335a1d2e2fcc) Importer(815301076,1909f56bfc062723c751e8b465ee728b)  -> (artifact id: '715ad4b07075b41f908c88e72c2ccf5a') in 0.032719 seconds 
Number of asset objects unloaded after import = 244
========================================================================
Received Import Request.
  Time since last request: 0.000019 seconds.
  path: Assets/SPUM/ModernPack1/Prefabs/Modern086.prefab
  artifactKey: Guid(3770b65b76d2bc64da299dd3438d3e22) Importer(815301076,1909f56bfc062723c751e8b465ee728b)
Number of updated assets reloaded before import = 0
Start importing Assets/SPUM/ModernPack1/Prefabs/Modern086.prefab using Guid(3770b65b76d2bc64da299dd3438d3e22) Importer(815301076,1909f56bfc062723c751e8b465ee728b)  -> (artifact id: 'ec52249bb571cc4ac262590c356ef3ef') in 0.031659 seconds 
Number of asset objects unloaded after import = 246
========================================================================
Received Import Request.
  Time since last request: 0.222107 seconds.
  path: Assets/SPUM/ModernPack1/Prefabs/Modern089.prefab
  artifactKey: Guid(5b262c24bd9820d4ab3ce59f7d42bb38) Importer(815301076,1909f56bfc062723c751e8b465ee728b)
Number of updated assets reloaded before import = 0
Start importing Assets/SPUM/ModernPack1/Prefabs/Modern089.prefab using Guid(5b262c24bd9820d4ab3ce59f7d42bb38) Importer(815301076,1909f56bfc062723c751e8b465ee728b)  -> (artifact id: '5da0d76c8cc9c993970e5eebd2c2a995') in 0.030919 seconds 
Number of asset objects unloaded after import = 243
========================================================================
Received Import Request.
  Time since last request: 0.349713 seconds.
  path: Assets/SPUM/ModernPack1/Prefabs/Modern092.prefab
  artifactKey: Guid(8cb60b0cbc5e0434d80b9b5b86a0e0b6) Importer(815301076,1909f56bfc062723c751e8b465ee728b)
Number of updated assets reloaded before import = 0
Start importing Assets/SPUM/ModernPack1/Prefabs/Modern092.prefab using Guid(8cb60b0cbc5e0434d80b9b5b86a0e0b6) Importer(815301076,1909f56bfc062723c751e8b465ee728b)  -> (artifact id: '43630ab5975b6a260a2376aa31d9aff2') in 0.034356 seconds 
Number of asset objects unloaded after import = 246
========================================================================
Received Import Request.
  Time since last request: 0.002196 seconds.
  path: Assets/SPUM/ModernPack1/Prefabs/Modern094.prefab
  artifactKey: Guid(5a749768d31f83a4db5eee30be73fa41) Importer(815301076,1909f56bfc062723c751e8b465ee728b)
Number of updated assets reloaded before import = 0
Start importing Assets/SPUM/ModernPack1/Prefabs/Modern094.prefab using Guid(5a749768d31f83a4db5eee30be73fa41) Importer(815301076,1909f56bfc062723c751e8b465ee728b)  -> (artifact id: '5c6048ae9c75478165522b18240eef85') in 0.032759 seconds 
Number of asset objects unloaded after import = 242
========================================================================
Received Import Request.
  Time since last request: 0.255454 seconds.
  path: Assets/SPUM/ModernPack1/Prefabs/Modern096.prefab
  artifactKey: Guid(f822a46fc6d2306419c7bea9f42e5d6b) Importer(815301076,1909f56bfc062723c751e8b465ee728b)
Number of updated assets reloaded before import = 0
Start importing Assets/SPUM/ModernPack1/Prefabs/Modern096.prefab using Guid(f822a46fc6d2306419c7bea9f42e5d6b) Importer(815301076,1909f56bfc062723c751e8b465ee728b)  -> (artifact id: 'f6a8468c419ed8134e470b8b56f80da8') in 0.030954 seconds 
Number of asset objects unloaded after import = 244
========================================================================
Received Import Request.
  Time since last request: 0.008387 seconds.
  path: Assets/SPUM/ModernPack1/Prefabs/Modern098.prefab
  artifactKey: Guid(ba2727a786da12f41b0e272906b3afe5) Importer(815301076,1909f56bfc062723c751e8b465ee728b)
Number of updated assets reloaded before import = 0
Start importing Assets/SPUM/ModernPack1/Prefabs/Modern098.prefab using Guid(ba2727a786da12f41b0e272906b3afe5) Importer(815301076,1909f56bfc062723c751e8b465ee728b)  -> (artifact id: 'ae266e78fd2e54a0c1303c0d85f6f0ad') in 0.031925 seconds 
Number of asset objects unloaded after import = 242
Editor requested this worker to shutdown with reason: Scaling down because of idle timeout
AssetImportWorker is now disconnected from the server
Process exiting
Exiting without the bug reporter. Application will terminate with return code 0