Using pre-set license
Built from '2021.3/staging' branch; Version is '2021.3.33f1 (ee5a2aa03ab2) revision 15620650'; Using compiler version '192829333'; Build Type 'Release'
OS: 'Windows 10  (10.0.19045) 64bit Enterprise' Language: 'ko' Physical Memory: 32505 MB
BatchMode: 1, IsHumanControllingUs: 0, StartBugReporterOnCrash: 0, Is64bit: 1, IsPro: 1

COMMAND LINE ARGUMENTS:
C:\Program Files\Unity\Hub\Editor\2021.3.33f1\Editor\Unity.exe
-adb2
-batchMode
-noUpm
-name
AssetImportWorker3
-projectPath
C:/Users/SSAFY/Documents/Unity Projects/Mind Listen and Tell
-logFile
Logs/AssetImportWorker3.log
-srvPort
50149
Successfully changed project path to: C:/Users/SSAFY/Documents/Unity Projects/Mind Listen and Tell
C:/Users/SSAFY/Documents/Unity Projects/Mind Listen and Tell
[UnityMemory] Configuration Parameters - Can be set up in boot.config
    "memorysetup-bucket-allocator-granularity=16"
    "memorysetup-bucket-allocator-bucket-count=8"
    "memorysetup-bucket-allocator-block-size=33554432"
    "memorysetup-bucket-allocator-block-count=8"
    "memorysetup-main-allocator-block-size=16777216"
    "memorysetup-thread-allocator-block-size=16777216"
    "memorysetup-gfx-main-allocator-block-size=16777216"
    "memorysetup-gfx-thread-allocator-block-size=16777216"
    "memorysetup-cache-allocator-block-size=4194304"
    "memorysetup-typetree-allocator-block-size=2097152"
    "memorysetup-profiler-bucket-allocator-granularity=16"
    "memorysetup-profiler-bucket-allocator-bucket-count=8"
    "memorysetup-profiler-bucket-allocator-block-size=33554432"
    "memorysetup-profiler-bucket-allocator-block-count=8"
    "memorysetup-profiler-allocator-block-size=16777216"
    "memorysetup-profiler-editor-allocator-block-size=1048576"
    "memorysetup-temp-allocator-size-main=16777216"
    "memorysetup-job-temp-allocator-block-size=2097152"
    "memorysetup-job-temp-allocator-block-size-background=1048576"
    "memorysetup-job-temp-allocator-reduction-small-platforms=262144"
    "memorysetup-temp-allocator-size-background-worker=32768"
    "memorysetup-temp-allocator-size-job-worker=262144"
    "memorysetup-temp-allocator-size-preload-manager=33554432"
    "memorysetup-temp-allocator-size-nav-mesh-worker=65536"
    "memorysetup-temp-allocator-size-audio-worker=65536"
    "memorysetup-temp-allocator-size-cloud-worker=32768"
    "memorysetup-temp-allocator-size-gi-baking-worker=262144"
    "memorysetup-temp-allocator-size-gfx=262144"
Player connection [15536] Host "[IP] 192.168.100.47 [Port] 0 [Flags] 2 [Guid] 897480463 [EditorId] 897480463 [Version] 1048832 [Id] WindowsEditor(7,DESKTOP-LL832F4) [Debug] 1 [PackageName] WindowsEditor [ProjectName] Editor" joined multi-casting on [225.0.0.222:54997]...

Player connection [15536] Host "[IP] 192.168.100.47 [Port] 0 [Flags] 2 [Guid] 897480463 [EditorId] 897480463 [Version] 1048832 [Id] WindowsEditor(7,DESKTOP-LL832F4) [Debug] 1 [PackageName] WindowsEditor [ProjectName] Editor" joined alternative multi-casting on [225.0.0.222:34997]...

[Physics::Module] Initialized MultithreadedJobDispatcher with {0} workers.
Refreshing native plugins compatible for Editor in 101.14 ms, found 8 plugins.
Preloading 1 native plugins for Editor in 1.70 ms.
Initialize engine version: 2021.3.33f1 (ee5a2aa03ab2)
[Subsystems] Discovering subsystems at path C:/Program Files/Unity/Hub/Editor/2021.3.33f1/Editor/Data/Resources/UnitySubsystems
[Subsystems] Discovering subsystems at path C:/Users/SSAFY/Documents/Unity Projects/Mind Listen and Tell/Assets
GfxDevice: creating device client; threaded=0; jobified=0
Direct3D:
    Version:  Direct3D 11.0 [level 11.1]
    Renderer: NVIDIA GeForce RTX 3050 Ti Laptop GPU (ID=0x25a0)
    Vendor:   NVIDIA
    VRAM:     3977 MB
    Driver:   31.0.15.4633
Initialize mono
Mono path[0] = 'C:/Program Files/Unity/Hub/Editor/2021.3.33f1/Editor/Data/Managed'
Mono path[1] = 'C:/Program Files/Unity/Hub/Editor/2021.3.33f1/Editor/Data/MonoBleedingEdge/lib/mono/unityjit-win32'
Mono config path = 'C:/Program Files/Unity/Hub/Editor/2021.3.33f1/Editor/Data/MonoBleedingEdge/etc'
Using monoOptions --debugger-agent=transport=dt_socket,embedding=1,server=y,suspend=n,address=127.0.0.1:56840
Begin MonoManager ReloadAssembly
Registering precompiled unity dll's ...
Register platform support module: C:/Program Files/Unity/Hub/Editor/2021.3.33f1/Editor/Data/PlaybackEngines/WebGLSupport/UnityEditor.WebGL.Extensions.dll
Register platform support module: C:/Program Files/Unity/Hub/Editor/2021.3.33f1/Editor/Data/PlaybackEngines/AndroidPlayer/UnityEditor.Android.Extensions.dll
Register platform support module: C:/Program Files/Unity/Hub/Editor/2021.3.33f1/Editor/Data/PlaybackEngines/iOSSupport/UnityEditor.iOS.Extensions.dll
Register platform support module: C:/Program Files/Unity/Hub/Editor/2021.3.33f1/Editor/Data/PlaybackEngines/WindowsStandaloneSupport/UnityEditor.WindowsStandalone.Extensions.dll
Registered in 0.005517 seconds.
Native extension for WindowsStandalone target not found
[usbmuxd] Start listen thread
[usbmuxd] Listen thread started
Native extension for iOS target not found
Native extension for Android target not found
Android Extension - Scanning For ADB Devices 1397 ms
Native extension for WebGL target not found
Refreshing native plugins compatible for Editor in 84.29 ms, found 8 plugins.
Preloading 1 native plugins for Editor in 0.07 ms.
Mono: successfully reloaded assembly
- Completed reload, in  1.980 seconds
Domain Reload Profiling:
	ReloadAssembly (1980ms)
		BeginReloadAssembly (87ms)
			ExecutionOrderSort (0ms)
			DisableScriptedObjects (0ms)
			BackupInstance (0ms)
			ReleaseScriptingObjects (0ms)
			CreateAndSetChildDomain (1ms)
		EndReloadAssembly (1818ms)
			LoadAssemblies (87ms)
			RebuildTransferFunctionScriptingTraits (0ms)
			SetupTypeCache (89ms)
			ReleaseScriptCaches (0ms)
			RebuildScriptCaches (23ms)
			SetupLoadedEditorAssemblies (1672ms)
				LogAssemblyErrors (0ms)
				InitializePlatformSupportModulesInManaged (1478ms)
				SetLoadedEditorAssemblies (0ms)
				RefreshPlugins (84ms)
				BeforeProcessingInitializeOnLoad (1ms)
				ProcessInitializeOnLoadAttributes (75ms)
				ProcessInitializeOnLoadMethodAttributes (33ms)
				AfterProcessingInitializeOnLoad (0ms)
				EditorAssembliesLoaded (0ms)
			ExecutionOrderSort2 (0ms)
			AwakeInstancesAfterBackupRestoration (0ms)
Platform modules already initialized, skipping
Registering precompiled user dll's ...
Registered in 0.008195 seconds.
Begin MonoManager ReloadAssembly
Native extension for WindowsStandalone target not found
Native extension for iOS target not found
Native extension for Android target not found
Native extension for WebGL target not found
Refreshing native plugins compatible for Editor in 82.84 ms, found 8 plugins.
Preloading 1 native plugins for Editor in 0.07 ms.
Package Manager log level set to [2]
[Package Manager] Server::EnsureServerProcessIsRunning -- launch failed, reason: Unity was launched with the -noUpm command-line argument
[Package Manager] Cannot connect to Unity Package Manager local server
Mono: successfully reloaded assembly
- Completed reload, in  1.295 seconds
Domain Reload Profiling:
	ReloadAssembly (1296ms)
		BeginReloadAssembly (107ms)
			ExecutionOrderSort (0ms)
			DisableScriptedObjects (4ms)
			BackupInstance (0ms)
			ReleaseScriptingObjects (0ms)
			CreateAndSetChildDomain (16ms)
		EndReloadAssembly (1111ms)
			LoadAssemblies (103ms)
			RebuildTransferFunctionScriptingTraits (0ms)
			SetupTypeCache (192ms)
			ReleaseScriptCaches (1ms)
			RebuildScriptCaches (50ms)
			SetupLoadedEditorAssemblies (748ms)
				LogAssemblyErrors (0ms)
				InitializePlatformSupportModulesInManaged (23ms)
				SetLoadedEditorAssemblies (0ms)
				RefreshPlugins (83ms)
				BeforeProcessingInitializeOnLoad (78ms)
				ProcessInitializeOnLoadAttributes (533ms)
				ProcessInitializeOnLoadMethodAttributes (27ms)
				AfterProcessingInitializeOnLoad (4ms)
				EditorAssembliesLoaded (0ms)
			ExecutionOrderSort2 (0ms)
			AwakeInstancesAfterBackupRestoration (5ms)
Platform modules already initialized, skipping
========================================================================
Worker process is ready to serve import requests
Launched and connected shader compiler UnityShaderCompiler.exe after 0.03 seconds
Refreshing native plugins compatible for Editor in 0.95 ms, found 8 plugins.
Preloading 1 native plugins for Editor in 0.05 ms.
Unloading 4392 Unused Serialized files (Serialized files now loaded: 0)
Unloading 89 unused Assets / (48.0 KB). Loaded Objects now: 4804.
Memory consumption went from 175.7 MB to 175.7 MB.
Total: 2.695900 ms (FindLiveObjects: 0.236800 ms CreateObjectMapping: 0.109500 ms MarkObjects: 2.264700 ms  DeleteObjects: 0.084200 ms)

AssetImportParameters requested are different than current active one (requested -> active):
  custom:video-decoder-ogg-theora: a1e56fd34408186e4bbccfd4996cb3dc -> 
  custom:container-muxer-webm: aa71ff27fc2769a1b78a27578f13a17b -> 
  custom:container-demuxer-webm: 4f35f7cbe854078d1ac9338744f61a02 -> 
  custom:video-encoder-webm-vp8: eb34c28f22e8b96e1ab97ce403110664 -> 
  custom:CustomObjectIndexerAttribute: bc11b3a6c3213fcdd17b65e7da85e133 -> 
  custom:audio-encoder-webm-vorbis: bf7c407c2cedff20999df2af8eb42d56 -> 
  custom:framework-win-MediaFoundation: 216162199b28c13a410421893ffa2e32 -> 
  custom:SearchIndexIgnoredProperties: e643bd26f0fe6173181afceb89e7c659 -> 
  custom:container-demuxer-ogg: 62fdf1f143b41e24485cea50d1cbac27 -> 
  custom:video-decoder-webm-vp8: 9c59270c3fd7afecdb556c50c9e8de78 -> 
  custom:audio-decoder-ogg-vorbis: bf7c407c2cedff20999df2af8eb42d56 -> 
========================================================================
Received Import Request.
  Time since last request: 23341.034246 seconds.
  path: Assets/UltimateIsometricToolkit/Art/Dimetric/Towerdefense/towers_grey_sheet.png
  artifactKey: Guid(a46e179d39699904c8f30d72ede5682a) Importer(815301076,1909f56bfc062723c751e8b465ee728b)
Number of updated assets reloaded before import = 0
Start importing Assets/UltimateIsometricToolkit/Art/Dimetric/Towerdefense/towers_grey_sheet.png using Guid(a46e179d39699904c8f30d72ede5682a) Importer(815301076,1909f56bfc062723c751e8b465ee728b)  -> (artifact id: 'c62c780b6820be6e8604e6ac492255b6') in 0.218084 seconds 
Number of asset objects unloaded after import = 57
========================================================================
Received Import Request.
  Time since last request: 401.613720 seconds.
  path: Assets/kenney_ui-pack-space-expansion/sample.png
  artifactKey: Guid(2e52a98fe61203647b6b5d67bcda11c7) Importer(815301076,1909f56bfc062723c751e8b465ee728b)
Number of updated assets reloaded before import = 0
Start importing Assets/kenney_ui-pack-space-expansion/sample.png using Guid(2e52a98fe61203647b6b5d67bcda11c7) Importer(815301076,1909f56bfc062723c751e8b465ee728b)  -> (artifact id: '408eb7706f4256fdd055893447578a41') in 0.042787 seconds 
Number of asset objects unloaded after import = 3
========================================================================
Received Import Request.
  Time since last request: 5.615554 seconds.
  path: Assets/Fanepeter/Tiles-Indoor Room Sprites/Door Sprits/Door_2.png
  artifactKey: Guid(db86044f2fe73c24d86c386964a9917a) Importer(815301076,1909f56bfc062723c751e8b465ee728b)
Number of updated assets reloaded before import = 0
Start importing Assets/Fanepeter/Tiles-Indoor Room Sprites/Door Sprits/Door_2.png using Guid(db86044f2fe73c24d86c386964a9917a) Importer(815301076,1909f56bfc062723c751e8b465ee728b)  -> (artifact id: '26cdc1653038de72fe93b98716893d72') in 0.027276 seconds 
Number of asset objects unloaded after import = 3
========================================================================
Received Import Request.
  Time since last request: 0.000014 seconds.
  path: Assets/Fanepeter/Tiles-Indoor Room Sprites/Door Sprits/Door_7.png
  artifactKey: Guid(0cb927aae2d181343ab889ec1be985ed) Importer(815301076,1909f56bfc062723c751e8b465ee728b)
Number of updated assets reloaded before import = 0
Start importing Assets/Fanepeter/Tiles-Indoor Room Sprites/Door Sprits/Door_7.png using Guid(0cb927aae2d181343ab889ec1be985ed) Importer(815301076,1909f56bfc062723c751e8b465ee728b)  -> (artifact id: '6776b2dfecd7998dad7d20911d2bccdd') in 0.017960 seconds 
Number of asset objects unloaded after import = 3
========================================================================
Received Import Request.
  Time since last request: 0.000015 seconds.
  path: Assets/Fanepeter/Tiles-Indoor Room Sprites/Door Sprits/Door_4.png
  artifactKey: Guid(2938905d476a6f04fb2ce84d4044e1c9) Importer(815301076,1909f56bfc062723c751e8b465ee728b)
Number of updated assets reloaded before import = 0
Start importing Assets/Fanepeter/Tiles-Indoor Room Sprites/Door Sprits/Door_4.png using Guid(2938905d476a6f04fb2ce84d4044e1c9) Importer(815301076,1909f56bfc062723c751e8b465ee728b)  -> (artifact id: '9e52beab53671023981663529b80ced6') in 0.015748 seconds 
Number of asset objects unloaded after import = 3
========================================================================
Received Import Request.
  Time since last request: 0.000012 seconds.
  path: Assets/Fanepeter/Tiles-Indoor Room Sprites/Door Sprits/Door_9.png
  artifactKey: Guid(57c57d6a021dde9438acc2f2974c3b96) Importer(815301076,1909f56bfc062723c751e8b465ee728b)
Number of updated assets reloaded before import = 0
Start importing Assets/Fanepeter/Tiles-Indoor Room Sprites/Door Sprits/Door_9.png using Guid(57c57d6a021dde9438acc2f2974c3b96) Importer(815301076,1909f56bfc062723c751e8b465ee728b)  -> (artifact id: '71f229e26ea8600b093e191b63a3cebc') in 0.014180 seconds 
Number of asset objects unloaded after import = 3
========================================================================
Received Import Request.
  Time since last request: 3.491523 seconds.
  path: Assets/Furniture_pixel_art_assets/Furniture_tiles/Furniture_tiles_02.png
  artifactKey: Guid(d81a12c27d3af8a4dbcbeffdc6009cf6) Importer(815301076,1909f56bfc062723c751e8b465ee728b)
Number of updated assets reloaded before import = 0
Start importing Assets/Furniture_pixel_art_assets/Furniture_tiles/Furniture_tiles_02.png using Guid(d81a12c27d3af8a4dbcbeffdc6009cf6) Importer(815301076,1909f56bfc062723c751e8b465ee728b)  -> (artifact id: 'c1d7bf1cffd83d1ea5f897af34ee4932') in 0.023051 seconds 
Number of asset objects unloaded after import = 3
========================================================================
Received Import Request.
  Time since last request: 0.000018 seconds.
  path: Assets/Furniture_pixel_art_assets/Furniture_tiles/Furniture_tiles_06.png
  artifactKey: Guid(188bbd640c9afce45acffb2757aa4cec) Importer(815301076,1909f56bfc062723c751e8b465ee728b)
Number of updated assets reloaded before import = 0
Start importing Assets/Furniture_pixel_art_assets/Furniture_tiles/Furniture_tiles_06.png using Guid(188bbd640c9afce45acffb2757aa4cec) Importer(815301076,1909f56bfc062723c751e8b465ee728b)  -> (artifact id: '72d9fc2ccdcac1f4046d9b7ef9ae30e3') in 0.011575 seconds 
Number of asset objects unloaded after import = 3
========================================================================
Received Import Request.
  Time since last request: 0.000014 seconds.
  path: Assets/Furniture_pixel_art_assets/Furniture_tiles/Furniture_tiles_03.png
  artifactKey: Guid(e4760a296a1f22d4f91a09905ed5fcd9) Importer(815301076,1909f56bfc062723c751e8b465ee728b)
Number of updated assets reloaded before import = 0
Start importing Assets/Furniture_pixel_art_assets/Furniture_tiles/Furniture_tiles_03.png using Guid(e4760a296a1f22d4f91a09905ed5fcd9) Importer(815301076,1909f56bfc062723c751e8b465ee728b)  -> (artifact id: 'a3cfcc5f132ff67a83d7d917753c2282') in 0.011040 seconds 
Number of asset objects unloaded after import = 3
========================================================================
Received Import Request.
  Time since last request: 0.000017 seconds.
  path: Assets/Furniture_pixel_art_assets/Furniture_tiles/Furniture_tiles_07.png
  artifactKey: Guid(d7107e01d06181d4497e26c059e38810) Importer(815301076,1909f56bfc062723c751e8b465ee728b)
Number of updated assets reloaded before import = 0
Start importing Assets/Furniture_pixel_art_assets/Furniture_tiles/Furniture_tiles_07.png using Guid(d7107e01d06181d4497e26c059e38810) Importer(815301076,1909f56bfc062723c751e8b465ee728b)  -> (artifact id: '111eb93e461c560780ab383aaaa4d696') in 0.011311 seconds 
Number of asset objects unloaded after import = 3
========================================================================
Received Import Request.
  Time since last request: 0.000016 seconds.
  path: Assets/Furniture_pixel_art_assets/Furniture_tiles/Furniture_tiles_04.png
  artifactKey: Guid(dc402c7d604d2a344bacea1859453dbc) Importer(815301076,1909f56bfc062723c751e8b465ee728b)
Number of updated assets reloaded before import = 0
Start importing Assets/Furniture_pixel_art_assets/Furniture_tiles/Furniture_tiles_04.png using Guid(dc402c7d604d2a344bacea1859453dbc) Importer(815301076,1909f56bfc062723c751e8b465ee728b)  -> (artifact id: 'e8b9266a1fd838f39bc6631782ece4e5') in 0.011226 seconds 
Number of asset objects unloaded after import = 3
========================================================================
Received Import Request.
  Time since last request: 1.168374 seconds.
  path: Assets/Furniture_pixel_art_assets/Furniture_tiles/Furniture_tiles_13.png
  artifactKey: Guid(50e9b29450cfef94db071492eca0631b) Importer(815301076,1909f56bfc062723c751e8b465ee728b)
Number of updated assets reloaded before import = 0
Start importing Assets/Furniture_pixel_art_assets/Furniture_tiles/Furniture_tiles_13.png using Guid(50e9b29450cfef94db071492eca0631b) Importer(815301076,1909f56bfc062723c751e8b465ee728b)  -> (artifact id: 'c4d4379980ecdf86708e0b0f110e52d7') in 0.011196 seconds 
Number of asset objects unloaded after import = 3
========================================================================
Received Import Request.
  Time since last request: 0.000016 seconds.
  path: Assets/Furniture_pixel_art_assets/Furniture_tiles/Furniture_tiles_14.png
  artifactKey: Guid(044ef7a7ff375df44b168b6168b11a26) Importer(815301076,1909f56bfc062723c751e8b465ee728b)
Number of updated assets reloaded before import = 0
Start importing Assets/Furniture_pixel_art_assets/Furniture_tiles/Furniture_tiles_14.png using Guid(044ef7a7ff375df44b168b6168b11a26) Importer(815301076,1909f56bfc062723c751e8b465ee728b)  -> (artifact id: 'baac64385ba156272044cbd16181f272') in 0.010119 seconds 
Number of asset objects unloaded after import = 3
========================================================================
Received Import Request.
  Time since last request: 2.749487 seconds.
  path: Assets/Furniture_pixel_art_assets/Prefabs/Furniture_props/Furniture_props_03.png
  artifactKey: Guid(1ce5d085c6262c446bec1cbbc20f8c6f) Importer(815301076,1909f56bfc062723c751e8b465ee728b)
Number of updated assets reloaded before import = 0
Start importing Assets/Furniture_pixel_art_assets/Prefabs/Furniture_props/Furniture_props_03.png using Guid(1ce5d085c6262c446bec1cbbc20f8c6f) Importer(815301076,1909f56bfc062723c751e8b465ee728b)  -> (artifact id: '854198622bc02117ab577b3b96690c6b') in 0.012403 seconds 
Number of asset objects unloaded after import = 3
========================================================================
Received Import Request.
  Time since last request: 0.000013 seconds.
  path: Assets/Furniture_pixel_art_assets/Prefabs/Furniture_props/Furniture_props_09.png
  artifactKey: Guid(c387c2d96cad5374ebe1676f51a60faf) Importer(815301076,1909f56bfc062723c751e8b465ee728b)
Number of updated assets reloaded before import = 0
Start importing Assets/Furniture_pixel_art_assets/Prefabs/Furniture_props/Furniture_props_09.png using Guid(c387c2d96cad5374ebe1676f51a60faf) Importer(815301076,1909f56bfc062723c751e8b465ee728b)  -> (artifact id: '2929acad821aa2de37814b76164c6748') in 0.013767 seconds 
Number of asset objects unloaded after import = 3
========================================================================
Received Import Request.
  Time since last request: 0.000014 seconds.
  path: Assets/Furniture_pixel_art_assets/Prefabs/Furniture_props/Furniture_props_06.png
  artifactKey: Guid(e24fc630139216642af74b51e29cbfae) Importer(815301076,1909f56bfc062723c751e8b465ee728b)
Number of updated assets reloaded before import = 0
Start importing Assets/Furniture_pixel_art_assets/Prefabs/Furniture_props/Furniture_props_06.png using Guid(e24fc630139216642af74b51e29cbfae) Importer(815301076,1909f56bfc062723c751e8b465ee728b)  -> (artifact id: '5d65bfe00d51079550c4fae0316c1cd2') in 0.013881 seconds 
Number of asset objects unloaded after import = 3
========================================================================
Received Import Request.
  Time since last request: 0.000016 seconds.
  path: Assets/Furniture_pixel_art_assets/Prefabs/Furniture_props/Furniture_props_07.png
  artifactKey: Guid(0dcb3f6efff35a04cbe905d1fd0acdc6) Importer(815301076,1909f56bfc062723c751e8b465ee728b)
Number of updated assets reloaded before import = 0
Start importing Assets/Furniture_pixel_art_assets/Prefabs/Furniture_props/Furniture_props_07.png using Guid(0dcb3f6efff35a04cbe905d1fd0acdc6) Importer(815301076,1909f56bfc062723c751e8b465ee728b)  -> (artifact id: 'b7189fee91c0d6d65c1832a692a3c3bf') in 0.014821 seconds 
Number of asset objects unloaded after import = 3
========================================================================
Received Import Request.
  Time since last request: 0.762081 seconds.
  path: Assets/Furniture_pixel_art_assets/Prefabs/Furniture_props/Furniture_props_14.png
  artifactKey: Guid(ab6b39f94fe9a244cbe69ad310fcf33c) Importer(815301076,1909f56bfc062723c751e8b465ee728b)
Number of updated assets reloaded before import = 0
Start importing Assets/Furniture_pixel_art_assets/Prefabs/Furniture_props/Furniture_props_14.png using Guid(ab6b39f94fe9a244cbe69ad310fcf33c) Importer(815301076,1909f56bfc062723c751e8b465ee728b)  -> (artifact id: '7f298b7c36524db42f8d225cd552fb5b') in 0.015968 seconds 
Number of asset objects unloaded after import = 3
========================================================================
Received Import Request.
  Time since last request: 0.165743 seconds.
  path: Assets/Furniture_pixel_art_assets/Prefabs/Furniture_props/Furniture_props_17.png
  artifactKey: Guid(90fcb4c7a339e8743b274291cdeb8a70) Importer(815301076,1909f56bfc062723c751e8b465ee728b)
Number of updated assets reloaded before import = 0
Start importing Assets/Furniture_pixel_art_assets/Prefabs/Furniture_props/Furniture_props_17.png using Guid(90fcb4c7a339e8743b274291cdeb8a70) Importer(815301076,1909f56bfc062723c751e8b465ee728b)  -> (artifact id: '3eeae62f10473f701afb815a748e4fa3') in 0.015048 seconds 
Number of asset objects unloaded after import = 3
Editor requested this worker to shutdown with reason: Scaling down because of idle timeout
AssetImportWorker is now disconnected from the server
Process exiting
Exiting without the bug reporter. Application will terminate with return code 0